\BOOKMARK [1][-]{section.1}{\376\377\004\037\004\076\004\101\004\102\004\060\004\075\004\076\004\062\004\072\004\060\000\040\004\067\004\060\004\064\004\060\004\107\004\126}{}% 1
\BOOKMARK [1][-]{section.2}{\376\377\004\034\004\060\004\102\004\065\004\074\004\060\004\102\004\070\004\107\004\075\004\060\000\040\004\074\004\076\004\064\004\065\004\073\004\114}{}% 2
\BOOKMARK [1][-]{section.3}{\376\377\004\020\004\073\004\063\004\076\004\100\004\070\004\102\004\074\000\040\004\024\004\070\004\104\004\065\004\100\004\065\004\075\004\106\004\126\004\060\004\073\004\114\004\075\004\076\004\127\000\040\004\025\004\062\004\076\004\073\004\116\004\106\004\126\004\127}{}% 3
\BOOKMARK [2][-]{subsection.3.1}{\376\377\004\027\004\060\004\063\004\060\004\073\004\114\004\075\004\070\004\071\000\040\004\076\004\077\004\070\004\101\000\040\004\074\004\065\004\102\004\076\004\064\004\103}{section.3}% 4
\BOOKMARK [2][-]{subsection.3.2}{\376\377\004\036\004\101\004\075\004\076\004\062\004\075\004\126\000\040\004\076\004\077\004\065\004\100\004\060\004\106\004\126\004\127\000\040\004\060\004\073\004\063\004\076\004\100\004\070\004\102\004\074\004\103}{section.3}% 5
\BOOKMARK [3][-]{subsubsection.3.2.1}{\376\377\004\034\004\103\004\102\004\060\004\106\004\126\004\117}{subsection.3.2}% 6
\BOOKMARK [3][-]{subsubsection.3.2.2}{\376\377\004\032\004\100\004\076\004\101\004\076\004\062\004\065\004\100}{subsection.3.2}% 7
\BOOKMARK [3][-]{subsubsection.3.2.3}{\376\377\004\041\004\065\004\073\004\065\004\072\004\106\004\126\004\117}{subsection.3.2}% 8
\BOOKMARK [2][-]{subsection.3.3}{\376\377\004\035\004\060\004\073\004\060\004\110\004\102\004\103\004\062\004\060\004\075\004\075\004\117\000\040\004\077\004\060\004\100\004\060\004\074\004\065\004\102\004\100\004\126\004\062}{section.3}% 9
\BOOKMARK [1][-]{section.4}{\376\377\004\037\004\100\004\076\004\063\004\100\004\060\004\074\004\075\004\060\000\040\004\100\004\065\004\060\004\073\004\126\004\067\004\060\004\106\004\126\004\117}{}% 10
\BOOKMARK [2][-]{subsection.4.1}{\376\377\004\022\004\070\004\072\004\076\004\100\004\070\004\101\004\102\004\060\004\075\004\126\000\040\004\061\004\126\004\061\004\073\004\126\004\076\004\102\004\065\004\072\004\070}{section.4}% 11
\BOOKMARK [3][-]{subsubsection.4.1.1}{\376\377\000N\000u\000m\000P\000y}{subsection.4.1}% 12
\BOOKMARK [3][-]{subsubsection.4.1.2}{\376\377\000S\000c\000i\000P\000y}{subsection.4.1}% 13
\BOOKMARK [3][-]{subsubsection.4.1.3}{\376\377\000P\000y\000m\000o\000o\000/\000P\000y\000m\000o\000o\000d\000e}{subsection.4.1}% 14
\BOOKMARK [2][-]{subsection.4.2}{\376\377\004\041\004\102\004\100\004\103\004\072\004\102\004\103\004\100\004\060\000\040\004\072\004\076\004\064\004\103}{section.4}% 15
\BOOKMARK [1][-]{section.5}{\376\377\004\040\004\065\004\067\004\103\004\073\004\114\004\102\004\060\004\102\004\070\000\040\004\065\004\072\004\101\004\077\004\065\004\100\004\070\004\074\004\065\004\075\004\102\004\126\004\062}{}% 16
\BOOKMARK [2][-]{subsection.5.1}{\376\377\004\022\004\126\004\067\004\103\004\060\004\073\004\126\004\067\004\060\004\106\004\126\004\117\000\040\004\072\004\126\004\075\004\065\004\102\004\070\004\107\004\075\004\076\004\127\000\040\004\074\004\076\004\064\004\065\004\073\004\126}{section.5}% 17
\BOOKMARK [2][-]{subsection.5.2}{\376\377\004\041\004\070\004\075\004\102\004\065\004\102\004\070\004\107\004\075\004\126\000\040\004\064\004\060\004\075\004\126}{section.5}% 18
\BOOKMARK [2][-]{subsection.5.3}{\376\377\0003\000D\000\040\004\062\004\126\004\067\004\103\004\060\004\073\004\126\004\067\004\060\004\106\004\126\004\117\000\040\004\072\004\126\004\075\004\065\004\102\004\070\004\107\004\075\004\076\004\127\000\040\004\074\004\076\004\064\004\065\004\073\004\126}{section.5}% 19
\BOOKMARK [2][-]{subsection.5.4}{\376\377\004\042\004\076\004\107\004\075\004\126\004\101\004\102\004\114\000\040\004\102\004\060\000\040\004\067\004\061\004\126\004\066\004\075\004\126\004\101\004\102\004\114}{section.5}% 20
\BOOKMARK [2][-]{subsection.5.5}{\376\377\004\050\004\062\004\070\004\064\004\072\004\126\004\101\004\102\004\114\000\040\004\067\004\061\004\126\004\066\004\075\004\076\004\101\004\102\004\126}{section.5}% 21
\BOOKMARK [2][-]{subsection.5.6}{\376\377\004\022\004\126\004\064\004\075\004\076\004\062\004\073\004\065\004\075\004\075\004\117\000\040\004\077\004\060\004\100\004\060\004\074\004\065\004\102\004\100\004\126\004\062}{section.5}% 22
\BOOKMARK [1][-]{section.6}{\376\377\004\022\004\070\004\101\004\075\004\076\004\062\004\072\004\070}{}% 23
