\BOOKMARK [1][-]{section.1}{\376\377\004\022\004\101\004\102\004\103\004\077}{}% 1
\BOOKMARK [1][-]{section.2}{\376\377\004\034\004\065\004\102\004\060\000\040\004\102\004\060\000\040\004\067\004\060\004\062\004\064\004\060\004\075\004\075\004\117}{}% 2
\BOOKMARK [1][-]{section.3}{\376\377\004\020\004\100\004\105\004\126\004\102\004\065\004\072\004\102\004\103\004\100\004\060\000\040\004\060\004\075\004\060\004\073\004\126\004\102\004\070\004\107\004\075\004\076\004\063\004\076\000\040\004\100\004\126\004\110\004\065\004\075\004\075\004\117}{}% 3
\BOOKMARK [2][-]{subsection.3.1}{\376\377\004\041\004\102\004\100\004\103\004\072\004\102\004\103\004\100\004\060\000\040\000D\000W\000H}{section.3}% 4
\BOOKMARK [2][-]{subsection.3.2}{\376\377\004\006\004\075\004\102\004\065\004\063\004\100\004\060\004\106\004\126\004\117\000\040\004\067\000\040\000M\000e\000t\000a\000b\000a\000s\000e}{section.3}% 5
\BOOKMARK [1][-]{section.4}{\376\377\004\032\004\073\004\116\004\107\004\076\004\062\004\126\000\040\004\077\004\076\004\072\004\060\004\067\004\075\004\070\004\072\004\070\000\040\004\065\004\104\004\065\004\072\004\102\004\070\004\062\004\075\004\076\004\101\004\102\004\126\000\040\000\050\000K\000P\000I\000\051}{}% 6
\BOOKMARK [2][-]{subsection.4.1}{\376\377\000K\000P\000I\000\040\0001\000:\000\040\004\024\004\070\004\075\004\060\004\074\004\126\004\072\004\060\000\040\004\062\004\070\004\100\004\103\004\107\004\072\004\070\000\040\004\067\004\060\000\040\004\074\004\126\004\101\004\117\004\106\004\117\004\074\004\070\000\040\000\050\000R\000e\000v\000e\000n\000u\000e\000\040\000b\000y\000\040\000M\000o\000n\000t\000h\000\051}{section.4}% 7
\BOOKMARK [2][-]{subsection.4.2}{\376\377\000K\000P\000I\000\040\0002\000:\000\040\004\032\004\126\004\073\004\114\004\072\004\126\004\101\004\102\004\114\000\040\004\067\004\060\004\074\004\076\004\062\004\073\004\065\004\075\004\114\000\040\004\067\004\060\000\040\004\100\004\065\004\063\004\126\004\076\004\075\004\060\004\074\004\070\000\040\000\050\000O\000r\000d\000e\000r\000s\000\040\000b\000y\000\040\000R\000e\000g\000i\000o\000n\000\051}{section.4}% 8
\BOOKMARK [2][-]{subsection.4.3}{\376\377\000K\000P\000I\000\040\0003\000:\000\040\004\041\004\065\004\100\004\065\004\064\004\075\004\126\004\071\000\040\004\107\004\065\004\072\000\040\000\050\000A\000v\000e\000r\000a\000g\000e\000\040\000O\000r\000d\000e\000r\000\040\000V\000a\000l\000u\000e\000\051}{section.4}% 9
\BOOKMARK [2][-]{subsection.4.4}{\376\377\000K\000P\000I\000\040\0004\000:\000\040\004\022\004\126\004\064\004\101\004\076\004\102\004\076\004\072\000\040\004\074\004\060\004\100\004\066\004\126\000\040\000\050\000M\000a\000r\000g\000i\000n\000\040\000P\000e\000r\000c\000e\000n\000t\000a\000g\000e\000\051}{section.4}% 10
\BOOKMARK [2][-]{subsection.4.5}{\376\377\000K\000P\000I\000\040\0005\000:\000\040\004\042\004\076\004\077\000-\0001\0000\000\040\004\102\004\076\004\062\004\060\004\100\004\126\004\062\000\040\004\067\004\060\000\040\004\062\004\070\004\100\004\103\004\107\004\072\004\076\004\116\000\040\000\050\000T\000o\000p\000\040\000P\000r\000o\000d\000u\000c\000t\000s\000\040\000b\000y\000\040\000R\000e\000v\000e\000n\000u\000e\000\051}{section.4}% 11
\BOOKMARK [1][-]{section.5}{\376\377\004\037\004\060\004\100\004\060\004\074\004\065\004\102\004\100\004\070\004\067\004\060\004\106\004\126\004\117\000\040\004\067\004\060\004\077\004\070\004\102\004\126\004\062}{}% 12
\BOOKMARK [1][-]{section.6}{\376\377\004\041\004\102\004\062\004\076\004\100\004\065\004\075\004\075\004\117\000\040\004\064\004\060\004\110\004\061\004\076\004\100\004\064\004\060\000\040\004\062\000\040\000M\000e\000t\000a\000b\000a\000s\000e}{}% 13
\BOOKMARK [2][-]{subsection.6.1}{\376\377\004\020\004\100\004\105\004\126\004\102\004\065\004\072\004\102\004\103\004\100\004\060\000\040\004\064\004\060\004\110\004\061\004\076\004\100\004\064\004\060}{section.6}% 14
\BOOKMARK [2][-]{subsection.6.2}{\376\377\004\023\004\073\004\076\004\061\004\060\004\073\004\114\004\075\004\126\000\040\004\104\004\126\004\073\004\114\004\102\004\100\004\070}{section.6}% 15
\BOOKMARK [2][-]{subsection.6.3}{\376\377\004\020\004\062\004\102\004\076\004\074\004\060\004\102\004\070\004\067\004\060\004\106\004\126\004\117\000\040\004\100\004\076\004\067\004\063\004\076\004\100\004\102\004\060\004\075\004\075\004\117}{section.6}% 16
\BOOKMARK [1][-]{section.7}{\376\377\004\006\004\075\004\102\004\065\004\063\004\100\004\060\004\106\004\126\004\117\000\040\004\067\000\040\004\126\004\075\004\104\004\100\004\060\004\101\004\102\004\100\004\103\004\072\004\102\004\103\004\100\004\076\004\116}{}% 17
\BOOKMARK [2][-]{subsection.7.1}{\376\377\000D\000o\000c\000k\000e\000r\000\040\000C\000o\000m\000p\000o\000s\000e}{section.7}% 18
\BOOKMARK [2][-]{subsection.7.2}{\376\377\004\037\004\076\004\101\004\073\004\126\004\064\004\076\004\062\004\075\004\126\004\101\004\102\004\114\000\040\004\067\004\060\004\077\004\103\004\101\004\072\004\103}{section.7}% 19
\BOOKMARK [1][-]{section.8}{\376\377\004\040\004\065\004\067\004\103\004\073\004\114\004\102\004\060\004\102\004\070\000\040\004\102\004\060\000\040\004\060\004\075\004\060\004\073\004\126\004\067}{}% 20
\BOOKMARK [2][-]{subsection.8.1}{\376\377\004\024\004\076\004\101\004\117\004\063\004\075\004\103\004\102\004\126\000\040\004\100\004\065\004\067\004\103\004\073\004\114\004\102\004\060\004\102\004\070}{section.8}% 21
\BOOKMARK [2][-]{subsection.8.2}{\376\377\004\020\004\075\004\060\004\073\004\126\004\067\000\040\000K\000P\000I}{section.8}% 22
\BOOKMARK [2][-]{subsection.8.3}{\376\377\004\037\004\065\004\100\004\065\004\062\004\060\004\063\004\070\000\040\004\062\004\070\004\072\004\076\004\100\004\070\004\101\004\102\004\060\004\075\004\075\004\117\000\040\000M\000e\000t\000a\000b\000a\000s\000e}{section.8}% 23
\BOOKMARK [1][-]{section.9}{\376\377\004\022\004\070\004\101\004\075\004\076\004\062\004\072\004\070}{}% 24
