\BOOKMARK [1][-]{section.1}{\376\377\004\022\004\101\004\102\004\103\004\077}{}% 1
\BOOKMARK [2][-]{subsection.1.1}{\376\377\004\037\004\100\004\076\004\061\004\073\004\065\004\074\004\060\004\102\004\070\004\072\004\060}{section.1}% 2
\BOOKMARK [2][-]{subsection.1.2}{\376\377\004\034\004\065\004\102\004\060\000\040\004\102\004\060\000\040\004\067\004\060\004\062\004\064\004\060\004\075\004\075\004\117}{section.1}% 3
\BOOKMARK [1][-]{section.2}{\376\377\004\034\004\065\004\102\004\076\004\064\004\076\004\073\004\076\004\063\004\126\004\117\000\040\004\060\004\075\004\060\004\073\004\126\004\067\004\103\000\040\004\077\004\100\004\076\004\064\004\103\004\072\004\102\004\070\004\062\004\075\004\076\004\101\004\102\004\126}{}% 4
\BOOKMARK [2][-]{subsection.2.1}{\376\377\004\006\004\075\004\101\004\102\004\100\004\103\004\074\004\065\004\075\004\102\000\040\000E\000X\000P\000L\000A\000I\000N\000\040\000A\000N\000A\000L\000Y\000Z\000E}{section.2}% 5
\BOOKMARK [2][-]{subsection.2.2}{\376\377\004\034\004\065\004\102\004\100\004\070\004\072\004\070\000\040\004\064\004\073\004\117\000\040\004\076\004\106\004\126\004\075\004\072\004\070}{section.2}% 6
\BOOKMARK [1][-]{section.3}{\376\377\004\021\004\060\004\067\004\076\004\062\004\126\000\040\004\062\004\070\004\074\004\126\004\100\004\070\000\040\004\077\004\100\004\076\004\064\004\103\004\072\004\102\004\070\004\062\004\075\004\076\004\101\004\102\004\126}{}% 7
\BOOKMARK [2][-]{subsection.3.1}{\376\377\004\041\004\102\004\060\004\075\000\040\004\061\004\060\004\067\004\070\000\040\004\064\004\060\004\075\004\070\004\105}{section.3}% 8
\BOOKMARK [2][-]{subsection.3.2}{\376\377\004\021\004\060\004\067\004\076\004\062\004\126\000\040\004\067\004\060\004\077\004\070\004\102\004\070\000\040\004\064\004\073\004\117\000\040\004\060\004\075\004\060\004\073\004\126\004\067\004\103}{section.3}% 9
\BOOKMARK [2][-]{subsection.3.3}{\376\377\004\040\004\065\004\067\004\103\004\073\004\114\004\102\004\060\004\102\004\070\000\040\000E\000X\000P\000L\000A\000I\000N\000\040\000A\000N\000A\000L\000Y\000Z\000E\000\040\004\064\004\076\000\040\004\076\004\077\004\102\004\070\004\074\004\126\004\067\004\060\004\106\004\126\004\127}{section.3}% 10
\BOOKMARK [1][-]{section.4}{\376\377\004\041\004\102\004\100\004\060\004\102\004\065\004\063\004\126\004\117\000\040\004\076\004\077\004\102\004\070\004\074\004\126\004\067\004\060\004\106\004\126\004\127}{}% 11
\BOOKMARK [2][-]{subsection.4.1}{\376\377\004\040\004\126\004\062\004\065\004\075\004\114\000\040\0001\000:\000\040\004\006\004\075\004\064\004\065\004\072\004\101\004\060\004\106\004\126\004\117}{section.4}% 12
\BOOKMARK [3][-]{subsubsection.4.1.1}{\376\377\004\032\004\076\004\074\004\077\004\076\004\067\004\070\004\102\004\075\004\126\000\040\004\126\004\075\004\064\004\065\004\072\004\101\004\070}{subsection.4.1}% 13
\BOOKMARK [3][-]{subsubsection.4.1.2}{\376\377\004\006\004\075\004\064\004\065\004\072\004\101\004\070\000\040\004\064\004\073\004\117\000\040\000C\000O\000U\000N\000T\000\040\000D\000I\000S\000T\000I\000N\000C\000T}{subsection.4.1}% 14
\BOOKMARK [3][-]{subsubsection.4.1.3}{\376\377\004\037\004\076\004\072\004\100\004\070\004\062\004\060\004\116\004\107\004\126\000\040\004\126\004\075\004\064\004\065\004\072\004\101\004\070\000\040\000\050\000C\000o\000v\000e\000r\000i\000n\000g\000\040\000I\000n\000d\000e\000x\000e\000s\000\051}{subsection.4.1}% 15
\BOOKMARK [3][-]{subsubsection.4.1.4}{\376\377\000B\000R\000I\000N\000\040\004\126\004\075\004\064\004\065\004\072\004\101\004\070}{subsection.4.1}% 16
\BOOKMARK [2][-]{subsection.4.2}{\376\377\004\040\004\126\004\062\004\065\004\075\004\114\000\040\0002\000:\000\040\004\034\004\060\004\102\004\065\004\100\004\126\004\060\004\073\004\126\004\067\004\076\004\062\004\060\004\075\004\126\000\040\004\077\004\100\004\065\004\064\004\101\004\102\004\060\004\062\004\073\004\065\004\075\004\075\004\117}{section.4}% 17
\BOOKMARK [3][-]{subsubsection.4.2.1}{\376\377\004\032\004\076\004\075\004\106\004\065\004\077\004\106\004\126\004\117}{subsection.4.2}% 18
\BOOKMARK [3][-]{subsubsection.4.2.2}{\376\377\000M\000V\000\040\0001\000:\000\040\004\034\004\126\004\101\004\117\004\107\004\075\004\060\000\040\004\101\004\102\004\060\004\102\004\070\004\101\004\102\004\070\004\072\004\060\000\040\004\077\004\100\004\076\004\064\004\060\004\066\004\126\004\062}{subsection.4.2}% 19
\BOOKMARK [3][-]{subsubsection.4.2.3}{\376\377\000M\000V\000\040\0002\000:\000\040\004\020\004\075\004\060\004\073\004\126\004\102\004\070\004\072\004\060\000\040\004\077\004\100\004\076\004\064\004\103\004\072\004\102\004\126\004\062}{subsection.4.2}% 20
\BOOKMARK [3][-]{subsubsection.4.2.4}{\376\377\000M\000V\000\040\0003\000:\000\040\004\040\004\065\004\063\004\126\004\076\004\075\004\060\004\073\004\114\004\075\004\060\000\040\004\101\004\102\004\060\004\102\004\070\004\101\004\102\004\070\004\072\004\060}{subsection.4.2}% 21
\BOOKMARK [3][-]{subsubsection.4.2.5}{\376\377\000M\000V\000\040\0004\000:\000\040\004\032\004\073\004\126\004\124\004\075\004\102\004\101\004\114\004\072\004\060\000\040\004\060\004\075\004\060\004\073\004\126\004\102\004\070\004\072\004\060}{subsection.4.2}% 22
\BOOKMARK [2][-]{subsection.4.3}{\376\377\004\040\004\126\004\062\004\065\004\075\004\114\000\040\0003\000:\000\040\004\036\004\075\004\076\004\062\004\073\004\065\004\075\004\075\004\117\000\040\004\101\004\102\004\060\004\102\004\070\004\101\004\102\004\070\004\072\004\070}{section.4}% 23
\BOOKMARK [1][-]{section.5}{\376\377\004\040\004\065\004\067\004\103\004\073\004\114\004\102\004\060\004\102\004\070\000\040\004\076\004\077\004\102\004\070\004\074\004\126\004\067\004\060\004\106\004\126\004\127}{}% 24
\BOOKMARK [2][-]{subsection.5.1}{\376\377\004\041\004\102\004\062\004\076\004\100\004\065\004\075\004\126\000\040\004\101\004\102\004\100\004\103\004\072\004\102\004\103\004\100\004\070}{section.5}% 25
\BOOKMARK [2][-]{subsection.5.2}{\376\377\004\037\004\100\004\076\004\101\004\102\004\076\004\100\004\076\004\062\004\126\000\040\004\062\004\070\004\102\004\100\004\060\004\102\004\070}{section.5}% 26
\BOOKMARK [2][-]{subsection.5.3}{\376\377\004\037\004\076\004\100\004\126\004\062\004\075\004\117\004\075\004\075\004\117\000\040\004\077\004\100\004\076\004\064\004\103\004\072\004\102\004\070\004\062\004\075\004\076\004\101\004\102\004\126}{section.5}% 27
\BOOKMARK [2][-]{subsection.5.4}{\376\377\004\037\004\100\004\070\004\072\004\073\004\060\004\064\000\040\004\076\004\077\004\102\004\070\004\074\004\126\004\067\004\076\004\062\004\060\004\075\004\076\004\063\004\076\000\040\004\067\004\060\004\077\004\070\004\102\004\103}{section.5}% 28
\BOOKMARK [1][-]{section.6}{\376\377\004\020\004\062\004\102\004\076\004\074\004\060\004\102\004\070\004\067\004\060\004\106\004\126\004\117\000\040\004\077\004\126\004\064\004\102\004\100\004\070\004\074\004\072\004\070}{}% 29
\BOOKMARK [2][-]{subsection.6.1}{\376\377\000P\000y\000t\000h\000o\000n\000\040\004\101\004\072\004\100\004\070\004\077\004\102\000\040\004\064\004\073\004\117\000\040\004\076\004\075\004\076\004\062\004\073\004\065\004\075\004\075\004\117\000\040\000M\000V}{section.6}% 30
\BOOKMARK [2][-]{subsection.6.2}{\376\377\004\006\004\075\004\102\004\065\004\063\004\100\004\060\004\106\004\126\004\117\000\040\004\067\000\040\000A\000i\000r\000f\000l\000o\000w}{section.6}% 31
\BOOKMARK [2][-]{subsection.6.3}{\376\377\004\041\004\102\004\100\004\060\004\102\004\065\004\063\004\126\004\117\000\040\004\076\004\075\004\076\004\062\004\073\004\065\004\075\004\075\004\117}{section.6}% 32
\BOOKMARK [1][-]{section.7}{\376\377\004\034\004\060\004\101\004\110\004\102\004\060\004\061\004\103\004\062\004\060\004\075\004\075\004\117\000\040\004\064\004\073\004\117\000\040\004\062\004\065\004\073\004\070\004\072\004\070\004\105\000\040\004\064\004\060\004\075\004\070\004\105}{}% 33
\BOOKMARK [2][-]{subsection.7.1}{\376\377\004\037\004\076\004\102\004\076\004\107\004\075\004\070\004\071\000\040\004\101\004\102\004\060\004\075\000\040\000\050\0001\000,\0006\0000\0000\000\040\004\100\004\117\004\064\004\072\004\126\004\062\000\051}{section.7}% 34
\BOOKMARK [2][-]{subsection.7.2}{\376\377\004\037\004\100\004\076\004\063\004\075\004\076\004\067\000\040\004\064\004\073\004\117\000\040\0001\0000\000,\0000\0000\0000\000+\000\040\004\100\004\117\004\064\004\072\004\126\004\062}{section.7}% 35
\BOOKMARK [1][-]{section.8}{\376\377\004\034\004\076\004\075\004\126\004\102\004\076\004\100\004\070\004\075\004\063\000\040\004\102\004\060\000\040\004\064\004\126\004\060\004\063\004\075\004\076\004\101\004\102\004\070\004\072\004\060}{}% 36
\BOOKMARK [2][-]{subsection.8.1}{\376\377\004\037\004\065\004\100\004\065\004\062\004\126\004\100\004\072\004\060\000\040\004\062\004\070\004\072\004\076\004\100\004\070\004\101\004\102\004\060\004\075\004\075\004\117\000\040\004\126\004\075\004\064\004\065\004\072\004\101\004\126\004\062}{section.8}% 37
\BOOKMARK [2][-]{subsection.8.2}{\376\377\004\037\004\065\004\100\004\065\004\062\004\126\004\100\004\072\004\060\000\040\004\101\004\062\004\126\004\066\004\076\004\101\004\102\004\126\000\040\000M\000V}{section.8}% 38
\BOOKMARK [2][-]{subsection.8.3}{\376\377\004\022\004\070\004\117\004\062\004\073\004\065\004\075\004\075\004\117\000\040\004\077\004\076\004\062\004\126\004\073\004\114\004\075\004\070\004\105\000\040\004\067\004\060\004\077\004\070\004\102\004\126\004\062}{section.8}% 39
\BOOKMARK [1][-]{section.9}{\376\377\004\022\004\070\004\101\004\075\004\076\004\062\004\072\004\070}{}% 40
\BOOKMARK [2][-]{subsection.9.1}{\376\377\004\024\004\076\004\101\004\117\004\063\004\075\004\103\004\102\004\126\000\040\004\100\004\065\004\067\004\103\004\073\004\114\004\102\004\060\004\102\004\070}{section.9}% 41
