\BOOKMARK [1][-]{section.1}{\376\377\004\022\004\101\004\102\004\103\004\077}{}% 1
\BOOKMARK [1][-]{section.2}{\376\377\004\034\004\065\004\102\004\060\000\040\004\102\004\060\000\040\004\067\004\060\004\062\004\064\004\060\004\075\004\075\004\117}{}% 2
\BOOKMARK [1][-]{section.3}{\376\377\004\020\004\100\004\105\004\126\004\102\004\065\004\072\004\102\004\103\004\100\004\060\000\040\004\100\004\126\004\110\004\065\004\075\004\075\004\117}{}% 3
\BOOKMARK [2][-]{subsection.3.1}{\376\377\004\027\004\060\004\063\004\060\004\073\004\114\004\075\004\060\000\040\004\101\004\105\004\065\004\074\004\060}{section.3}% 4
\BOOKMARK [2][-]{subsection.3.2}{\376\377\004\032\004\076\004\075\004\104\004\126\004\063\004\103\004\100\004\060\004\106\004\126\004\117\000\040\004\102\004\060\000\040\004\100\004\065\004\066\004\070\004\074\004\070}{section.3}% 5
\BOOKMARK [1][-]{section.4}{\376\377\004\041\004\102\004\060\004\064\004\126\004\117\000\040\000E\000x\000t\000r\000a\000c\000t}{}% 6
\BOOKMARK [2][-]{subsection.4.1}{\376\377\000O\000r\000d\000e\000r\000s\000E\000x\000t\000r\000a\000c\000t\000o\000r}{section.4}% 7
\BOOKMARK [2][-]{subsection.4.2}{\376\377\000C\000a\000t\000a\000l\000o\000g\000E\000x\000t\000r\000a\000c\000t\000o\000r}{section.4}% 8
\BOOKMARK [2][-]{subsection.4.3}{\376\377\000P\000a\000y\000m\000e\000n\000t\000s\000E\000x\000t\000r\000a\000c\000t\000o\000r}{section.4}% 9
\BOOKMARK [2][-]{subsection.4.4}{\376\377\004\036\004\101\004\076\004\061\004\073\004\070\004\062\004\076\004\101\004\102\004\126\000\040\004\065\004\072\004\101\004\102\004\100\004\060\004\072\004\106\004\126\004\127}{section.4}% 10
\BOOKMARK [1][-]{section.5}{\376\377\004\041\004\102\004\060\004\064\004\126\004\117\000\040\000T\000r\000a\000n\000s\000f\000o\000r\000m}{}% 11
\BOOKMARK [2][-]{subsection.5.1}{\376\377\004\036\004\107\004\070\004\111\004\065\004\075\004\075\004\117\000\040\004\064\004\060\004\075\004\070\004\105}{section.5}% 12
\BOOKMARK [2][-]{subsection.5.2}{\376\377\004\021\004\126\004\067\004\075\004\065\004\101\000-\004\102\004\100\004\060\004\075\004\101\004\104\004\076\004\100\004\074\004\060\004\106\004\126\004\127}{section.5}% 13
\BOOKMARK [2][-]{subsection.5.3}{\376\377\004\037\004\100\004\070\004\072\004\073\004\060\004\064\000\040\004\072\004\076\004\064\004\103}{section.5}% 14
\BOOKMARK [1][-]{section.6}{\376\377\004\041\004\102\004\060\004\064\004\126\004\117\000\040\000L\000o\000a\000d}{}% 15
\BOOKMARK [2][-]{subsection.6.1}{\376\377\004\027\004\060\004\062\004\060\004\075\004\102\004\060\004\066\004\065\004\075\004\075\004\117\000\040\004\062\004\070\004\074\004\126\004\100\004\126\004\062}{section.6}% 16
\BOOKMARK [2][-]{subsection.6.2}{\376\377\004\044\004\060\004\072\004\102\000-\004\102\004\060\004\061\004\073\004\070\004\106\004\117\000\040\004\077\004\100\004\076\004\064\004\060\004\066\004\126\004\062}{section.6}% 17
\BOOKMARK [2][-]{subsection.6.3}{\376\377\004\037\004\126\004\064\004\102\004\100\004\070\004\074\004\072\004\060\000\040\000d\000i\000m\000\137\000d\000a\000t\000e\000\040\004\102\004\060\000\040\000u\000p\000s\000e\000r\000t}{section.6}% 18
\BOOKMARK [1][-]{section.7}{\376\377\004\036\004\100\004\072\004\065\004\101\004\102\004\100\004\060\004\106\004\126\004\117\000\040\004\102\004\060\000\040\004\060\004\062\004\102\004\076\004\074\004\060\004\102\004\070\004\067\004\060\004\106\004\126\004\117}{}% 19
\BOOKMARK [2][-]{subsection.7.1}{\376\377\000E\000T\000L\000P\000i\000p\000e\000l\000i\000n\000e}{section.7}% 20
\BOOKMARK [2][-]{subsection.7.2}{\376\377\000C\000L\000I\000\040\004\102\004\060\000\040\004\077\004\100\004\070\004\072\004\073\004\060\004\064\004\070}{section.7}% 21
\BOOKMARK [2][-]{subsection.7.3}{\376\377\000A\000p\000a\000c\000h\000e\000\040\000A\000i\000r\000f\000l\000o\000w}{section.7}% 22
\BOOKMARK [1][-]{section.8}{\376\377\004\042\004\065\004\101\004\102\004\103\004\062\004\060\004\075\004\075\004\117\000\040\004\102\004\060\000\040\004\117\004\072\004\126\004\101\004\102\004\114}{}% 23
\BOOKMARK [1][-]{section.9}{\376\377\004\040\004\065\004\067\004\103\004\073\004\114\004\102\004\060\004\102\004\070\000\040\004\062\004\070\004\072\004\076\004\075\004\060\004\075\004\075\004\117}{}% 24
\BOOKMARK [2][-]{subsection.9.1}{\376\377\004\037\004\100\004\076\004\064\004\103\004\072\004\102\004\070\004\062\004\075\004\126\004\101\004\102\004\114}{section.9}% 25
\BOOKMARK [2][-]{subsection.9.2}{\376\377\004\041\004\077\004\076\004\101\004\102\004\065\004\100\004\065\004\066\004\075\004\126\004\101\004\102\004\114}{section.9}% 26
\BOOKMARK [1][-]{section.10}{\376\377\004\022\004\070\004\101\004\075\004\076\004\062\004\072\004\070}{}% 27
