This is XeTeX, Version 3.141592653-2.6-0.999993 (TeX Live 2022/dev/Debian) (preloaded format=xelatex 2025.10.9)  12 OCT 2025 00:57
entering extended mode
 restricted \write18 enabled.
 %&-line parsing enabled.
**main.tex
(./main.tex
LaTeX2e <2021-11-15> patch level 1
L3 programming layer <2022-01-21>
(/usr/share/texlive/texmf-dist/tex/latex/base/article.cls
Document Class: article 2021/10/04 v1.4n Standard LaTeX document class
(/usr/share/texlive/texmf-dist/tex/latex/base/size12.clo
File: size12.clo 2021/10/04 v1.4n Standard LaTeX file (size option)
)
\c@part=\count181
\c@section=\count182
\c@subsection=\count183
\c@subsubsection=\count184
\c@paragraph=\count185
\c@subparagraph=\count186
\c@figure=\count187
\c@table=\count188
\abovecaptionskip=\skip47
\belowcaptionskip=\skip48
\bibindent=\dimen138
)
(/usr/share/texlive/texmf-dist/tex/generic/iftex/iftex.sty
Package: iftex 2020/03/06 v1.0d TeX engine tests
)
(/usr/share/texlive/texmf-dist/tex/latex/fontspec/fontspec.sty
(/usr/share/texlive/texmf-dist/tex/latex/l3packages/xparse/xparse.sty
(/usr/share/texlive/texmf-dist/tex/latex/l3kernel/expl3.sty
Package: expl3 2022-01-21 L3 programming layer (loader) 

(/usr/share/texlive/texmf-dist/tex/latex/l3backend/l3backend-xetex.def
File: l3backend-xetex.def 2022-01-12 L3 backend support: XeTeX

(|extractbb --version)
\c__kernel_sys_dvipdfmx_version_int=\count189
\l__color_backend_stack_int=\count190
\g__color_backend_stack_int=\count191
\g__graphics_track_int=\count192
\l__pdf_internal_box=\box50
\g__pdf_backend_object_int=\count193
\g__pdf_backend_annotation_int=\count194
\g__pdf_backend_link_int=\count195
))
Package: xparse 2022-01-12 L3 Experimental document command parser
)
Package: fontspec 2022/01/15 v2.8a Font selection for XeLaTeX and LuaLaTeX

(/usr/share/texlive/texmf-dist/tex/latex/fontspec/fontspec-xetex.sty
Package: fontspec-xetex 2022/01/15 v2.8a Font selection for XeLaTeX and LuaLaTe
X
\l__fontspec_script_int=\count196
\l__fontspec_language_int=\count197
\l__fontspec_strnum_int=\count198
\l__fontspec_tmp_int=\count199
\l__fontspec_tmpa_int=\count266
\l__fontspec_tmpb_int=\count267
\l__fontspec_tmpc_int=\count268
\l__fontspec_em_int=\count269
\l__fontspec_emdef_int=\count270
\l__fontspec_strong_int=\count271
\l__fontspec_strongdef_int=\count272
\l__fontspec_tmpa_dim=\dimen139
\l__fontspec_tmpb_dim=\dimen140
\l__fontspec_tmpc_dim=\dimen141

(/usr/share/texlive/texmf-dist/tex/latex/base/fontenc.sty
Package: fontenc 2021/04/29 v2.0v Standard LaTeX package
)
(/usr/share/texlive/texmf-dist/tex/latex/fontspec/fontspec.cfg)))

Package fontspec Info: DejaVu Serif scale = 0.8303719074065455.


Package fontspec Info: DejaVu Serif scale = 0.8303719074065455.


Package fontspec Info: DejaVu Serif/B scale = 0.8303719074065455.


Package fontspec Info: DejaVu Serif/I scale = 0.8303719074065455.


Package fontspec Info: DejaVu Serif/BI scale = 0.8303719074065455.


Package fontspec Info: Font family 'DejaVuSerif(0)' created for font 'DejaVu
(fontspec)             Serif' with options
(fontspec)             [Ligatures=TeX,Scale=MatchLowercase,Ligatures=TeX].
(fontspec)              
(fontspec)              This font family consists of the following NFSS
(fontspec)             series/shapes:
(fontspec)              
(fontspec)             - 'normal' (m/n) with NFSS spec.:
(fontspec)             <->s*[0.8303719074065455]"DejaVu
(fontspec)             Serif/OT:script=latn;language=dflt;mapping=tex-text;"
(fontspec)             - 'small caps'  (m/sc) with NFSS spec.: 
(fontspec)             - 'bold' (b/n) with NFSS spec.:
(fontspec)             <->s*[0.8303719074065455]"DejaVu
(fontspec)             Serif/B/OT:script=latn;language=dflt;mapping=tex-text;"
(fontspec)             - 'bold small caps'  (b/sc) with NFSS spec.: 
(fontspec)             - 'italic' (m/it) with NFSS spec.:
(fontspec)             <->s*[0.8303719074065455]"DejaVu
(fontspec)             Serif/I/OT:script=latn;language=dflt;mapping=tex-text;"
(fontspec)             - 'italic small caps'  (m/scit) with NFSS spec.: 
(fontspec)             - 'bold italic' (b/it) with NFSS spec.:
(fontspec)             <->s*[0.8303719074065455]"DejaVu
(fontspec)             Serif/BI/OT:script=latn;language=dflt;mapping=tex-text;"

(fontspec)             - 'bold italic small caps'  (b/scit) with NFSS spec.: 

LaTeX Font Info:    Font shape `TU/DejaVuSerif(0)/m/n' will be
(Font)              scaled to size 9.96442pt on input line 14.

Package fontspec Info: DejaVu Sans scale = 0.7881073565212135.


Package fontspec Info: DejaVu Sans scale = 0.7881073565212135.


Package fontspec Info: DejaVu Sans/B scale = 0.7881073565212135.


Package fontspec Info: DejaVu Sans/I scale = 0.7881073565212135.


Package fontspec Info: DejaVu Sans/BI scale = 0.7881073565212135.


Package fontspec Info: Font family 'DejaVuSans(0)' created for font 'DejaVu
(fontspec)             Sans' with options
(fontspec)             [Ligatures=TeX,Scale=MatchLowercase,Ligatures=TeX].
(fontspec)              
(fontspec)              This font family consists of the following NFSS
(fontspec)             series/shapes:
(fontspec)              
(fontspec)             - 'normal' (m/n) with NFSS spec.:
(fontspec)             <->s*[0.7881073565212135]"DejaVu
(fontspec)             Sans/OT:script=latn;language=dflt;mapping=tex-text;"
(fontspec)             - 'small caps'  (m/sc) with NFSS spec.: 
(fontspec)             - 'bold' (b/n) with NFSS spec.:
(fontspec)             <->s*[0.7881073565212135]"DejaVu
(fontspec)             Sans/B/OT:script=latn;language=dflt;mapping=tex-text;"
(fontspec)             - 'bold small caps'  (b/sc) with NFSS spec.: 
(fontspec)             - 'italic' (m/it) with NFSS spec.:
(fontspec)             <->s*[0.7881073565212135]"DejaVu
(fontspec)             Sans/I/OT:script=latn;language=dflt;mapping=tex-text;"
(fontspec)             - 'italic small caps'  (m/scit) with NFSS spec.: 
(fontspec)             - 'bold italic' (b/it) with NFSS spec.:
(fontspec)             <->s*[0.7881073565212135]"DejaVu
(fontspec)             Sans/BI/OT:script=latn;language=dflt;mapping=tex-text;"
(fontspec)             - 'bold italic small caps'  (b/scit) with NFSS spec.: 


Package fontspec Info: DejaVu Sans Mono scale = 0.7881073565212135.


Package fontspec Info: DejaVu Sans Mono scale = 0.7881073565212135.


Package fontspec Info: DejaVu Sans Mono/B scale = 0.7881073565212135.


Package fontspec Info: DejaVu Sans Mono/I scale = 0.7881073565212135.


Package fontspec Info: DejaVu Sans Mono/BI scale = 0.7881073565212135.


Package fontspec Info: Font family 'DejaVuSansMono(0)' created for font
(fontspec)             'DejaVu Sans Mono' with options
(fontspec)             [Ligatures=TeX,Scale=MatchLowercase,WordSpace={1,0,0},Hy
phenChar=None,PunctuationSpace=WordSpace].
(fontspec)              
(fontspec)              This font family consists of the following NFSS
(fontspec)             series/shapes:
(fontspec)              
(fontspec)             - 'normal' (m/n) with NFSS spec.:
(fontspec)             <->s*[0.7881073565212135]"DejaVu Sans
(fontspec)             Mono/OT:script=latn;language=dflt;mapping=tex-text;"
(fontspec)             - 'small caps'  (m/sc) with NFSS spec.: 
(fontspec)             and font adjustment code:
(fontspec)             \fontdimen 2\font =1\fontdimen 2\font \fontdimen 3\font
(fontspec)             =0\fontdimen 3\font \fontdimen 4\font =0\fontdimen
(fontspec)             4\font \fontdimen 7\font =0\fontdimen 2\font
(fontspec)             \tex_hyphenchar:D \font =-1\scan_stop: 
(fontspec)             - 'bold' (b/n) with NFSS spec.:
(fontspec)             <->s*[0.7881073565212135]"DejaVu Sans
(fontspec)             Mono/B/OT:script=latn;language=dflt;mapping=tex-text;"
(fontspec)             - 'bold small caps'  (b/sc) with NFSS spec.: 
(fontspec)             and font adjustment code:
(fontspec)             \fontdimen 2\font =1\fontdimen 2\font \fontdimen 3\font
(fontspec)             =0\fontdimen 3\font \fontdimen 4\font =0\fontdimen
(fontspec)             4\font \fontdimen 7\font =0\fontdimen 2\font
(fontspec)             \tex_hyphenchar:D \font =-1\scan_stop: 
(fontspec)             - 'italic' (m/it) with NFSS spec.:
(fontspec)             <->s*[0.7881073565212135]"DejaVu Sans
(fontspec)             Mono/I/OT:script=latn;language=dflt;mapping=tex-text;"
(fontspec)             - 'italic small caps'  (m/scit) with NFSS spec.: 
(fontspec)             and font adjustment code:
(fontspec)             \fontdimen 2\font =1\fontdimen 2\font \fontdimen 3\font
(fontspec)             =0\fontdimen 3\font \fontdimen 4\font =0\fontdimen
(fontspec)             4\font \fontdimen 7\font =0\fontdimen 2\font
(fontspec)             \tex_hyphenchar:D \font =-1\scan_stop: 
(fontspec)             - 'bold italic' (b/it) with NFSS spec.:
(fontspec)             <->s*[0.7881073565212135]"DejaVu Sans
(fontspec)             Mono/BI/OT:script=latn;language=dflt;mapping=tex-text;"
(fontspec)             - 'bold italic small caps'  (b/scit) with NFSS spec.: 
(fontspec)             and font adjustment code:
(fontspec)             \fontdimen 2\font =1\fontdimen 2\font \fontdimen 3\font
(fontspec)             =0\fontdimen 3\font \fontdimen 4\font =0\fontdimen
(fontspec)             4\font \fontdimen 7\font =0\fontdimen 2\font
(fontspec)             \tex_hyphenchar:D \font =-1\scan_stop: 


(/usr/share/texlive/texmf-dist/tex/latex/polyglossia/polyglossia.sty
Package: polyglossia 2021/04/12 v1.53 Modern multilingual typesetting with XeLa
TeX and LuaLaTeX

(/usr/share/texlive/texmf-dist/tex/latex/etoolbox/etoolbox.sty
Package: etoolbox 2020/10/05 v2.5k e-TeX tools for LaTeX (JAW)
\etb@tempcnta=\count273
)
(/usr/share/texlive/texmf-dist/tex/latex/makecmds/makecmds.sty
Package: makecmds 2009/09/03 v1.0a extra command making commands
)
(/usr/share/texlive/texmf-dist/tex/latex/xkeyval/xkeyval.sty
Package: xkeyval 2020/11/20 v2.8 package option processing (HA)

(/usr/share/texlive/texmf-dist/tex/generic/xkeyval/xkeyval.tex
(/usr/share/texlive/texmf-dist/tex/generic/xkeyval/xkvutils.tex
\XKV@toks=\toks16
\XKV@tempa@toks=\toks17

(/usr/share/texlive/texmf-dist/tex/generic/xkeyval/keyval.tex))
\XKV@depth=\count274
File: xkeyval.tex 2014/12/03 v2.7a key=value parser (HA)
))
(/usr/share/texlive/texmf-dist/tex/latex/l3packages/l3keys2e/l3keys2e.sty
Package: l3keys2e 2022-01-12 LaTeX2e option processing using LaTeX3 keys
)

LaTeX hooks Warning: Generic hook 'file/after/tracklang.sty' is deprecated.
(hooks)              Use hook 'file/tracklang.sty/after' instead.


LaTeX hooks Warning: Generic hook 'package/after/bidi' is deprecated.
(hooks)              Use hook 'package/bidi/after' instead.


LaTeX hooks Warning: Generic hook 'package/after/luabidi' is deprecated.
(hooks)              Use hook 'package/luabidi/after' instead.

\xpg@normalclass=\XeTeXcharclass1
(/usr/share/texlive/texmf-dist/tex/latex/polyglossia/gloss-latex.ldf
File: gloss-latex.ldf polyglossia: module for default language
The property list \polyglossia@langsetup contains the pairs (without outer
braces):
>  {latex/script}  =>  {latin}
>  {latex/lcscript}  =>  {latin}
>  {latex/scripttag}  =>  {}
>  {latex/language}  =>  {Latex}
>  {latex/langtag}  =>  {ENG}
>  {latex/bcp47}  =>  {}
>  {latex/hyphennames}  =>  {english}
>  {latex/direction}  =>  {LR}
>  {latex/hyphenmins}  =>  {2,3}
>  {latex/frenchspacing}  =>  {false}
>  {latex/indentfirst}  =>  {false}
>  {latex/fontsetup}  =>  {true}
>  {latex/envname}  =>  {latex}
>  {latex/babelname}  =>  {latex}
>  {latex/localnumeral}  =>  {polyglossia@C@localnumeral}
>  {latex/Localnumeral}  =>  {polyglossia@C@localnumeral}.
)
Package polyglossia Info: Default language is latex.
)
(/usr/share/texlive/texmf-dist/tex/latex/polyglossia/gloss-ukrainian.ldf
File: gloss-ukrainian.ldf polyglossia: module for ukrainian

(/usr/share/texlive/texmf-dist/tex/latex/polyglossia/xpg-cyrillicnumbers.sty
Package: xpg-cyrillicnumbers 2019/11/15 v0.2 Formatting of Cyrillic alphabetic 
numbers
)
The property list \polyglossia@langsetup contains the pairs (without outer
braces):
>  {latex/script}  =>  {latin}
>  {latex/lcscript}  =>  {latin}
>  {latex/scripttag}  =>  {}
>  {latex/language}  =>  {Latex}
>  {latex/langtag}  =>  {ENG}
>  {latex/bcp47}  =>  {}
>  {latex/hyphennames}  =>  {english}
>  {latex/direction}  =>  {LR}
>  {latex/hyphenmins}  =>  {2,3}
>  {latex/frenchspacing}  =>  {false}
>  {latex/indentfirst}  =>  {false}
>  {latex/fontsetup}  =>  {true}
>  {latex/envname}  =>  {latex}
>  {latex/babelname}  =>  {latex}
>  {latex/localnumeral}  =>  {polyglossia@C@localnumeral}
>  {latex/Localnumeral}  =>  {polyglossia@C@localnumeral}
>  {ukrainian/script}  =>  {Cyrillic}
>  {ukrainian/lcscript}  =>  {cyrillic}
>  {ukrainian/scripttag}  =>  {cyrl}
>  {ukrainian/language}  =>  {Ukrainian}
>  {ukrainian/langtag}  =>  {UKR}
>  {ukrainian/bcp47}  =>  {uk}
>  {ukrainian/hyphennames}  =>  {ukrainian}
>  {ukrainian/direction}  =>  {LR}
>  {ukrainian/hyphenmins}  =>  {2,2}
>  {ukrainian/frenchspacing}  =>  {true}
>  {ukrainian/indentfirst}  =>  {false}
>  {ukrainian/fontsetup}  =>  {true}
>  {ukrainian/envname}  =>  {ukrainian}
>  {ukrainian/babelname}  =>  {ukrainian}
>  {ukrainian/localnumeral}  =>  {ukrainiannumerals}
>  {ukrainian/Localnumeral}  =>  {Ukrainiannumerals}.
Package polyglossia Info: Option: Ukrainian, numerals=arabic.

(/usr/share/texlive/texmf-dist/tex/latex/polyglossia/babelsh.def
File: babelsh.def 2019/09/30 Babel common definitions for shorthands
 Taken verbatim from babel files (2019/09/27 v3.34)
)
Package polyglossia Info: Making " an active character on input line 65.
)
Package polyglossia Info: Default language is ukrainian.

(/usr/share/texlive/texmf-dist/tex/latex/amsmath/amsmath.sty
Package: amsmath 2021/10/15 v2.17l AMS math features
\@mathmargin=\skip49

For additional information on amsmath, use the `?' option.
(/usr/share/texlive/texmf-dist/tex/latex/amsmath/amstext.sty
Package: amstext 2021/08/26 v2.01 AMS text

(/usr/share/texlive/texmf-dist/tex/latex/amsmath/amsgen.sty
File: amsgen.sty 1999/11/30 v2.0 generic functions
\@emptytoks=\toks18
\ex@=\dimen142
))
(/usr/share/texlive/texmf-dist/tex/latex/amsmath/amsbsy.sty
Package: amsbsy 1999/11/29 v1.2d Bold Symbols
\pmbraise@=\dimen143
)
(/usr/share/texlive/texmf-dist/tex/latex/amsmath/amsopn.sty
Package: amsopn 2021/08/26 v2.02 operator names
)
\inf@bad=\count275
LaTeX Info: Redefining \frac on input line 234.
\uproot@=\count276
\leftroot@=\count277
LaTeX Info: Redefining \overline on input line 399.
\classnum@=\count278
\DOTSCASE@=\count279
LaTeX Info: Redefining \ldots on input line 496.
LaTeX Info: Redefining \dots on input line 499.
LaTeX Info: Redefining \cdots on input line 620.
\Mathstrutbox@=\box51
\strutbox@=\box52
\big@size=\dimen144
LaTeX Font Info:    Redeclaring font encoding OML on input line 743.
LaTeX Font Info:    Redeclaring font encoding OMS on input line 744.
\macc@depth=\count280
\c@MaxMatrixCols=\count281
\dotsspace@=\muskip16
\c@parentequation=\count282
\dspbrk@lvl=\count283
\tag@help=\toks19
\row@=\count284
\column@=\count285
\maxfields@=\count286
\andhelp@=\toks20
\eqnshift@=\dimen145
\alignsep@=\dimen146
\tagshift@=\dimen147
\tagwidth@=\dimen148
\totwidth@=\dimen149
\lineht@=\dimen150
\@envbody=\toks21
\multlinegap=\skip50
\multlinetaggap=\skip51
\mathdisplay@stack=\toks22
LaTeX Info: Redefining \[ on input line 2938.
LaTeX Info: Redefining \] on input line 2939.
)
(/usr/share/texlive/texmf-dist/tex/latex/amsfonts/amssymb.sty
Package: amssymb 2013/01/14 v3.01 AMS font symbols

(/usr/share/texlive/texmf-dist/tex/latex/amsfonts/amsfonts.sty
Package: amsfonts 2013/01/14 v3.01 Basic AMSFonts support
\symAMSa=\mathgroup4
\symAMSb=\mathgroup5
LaTeX Font Info:    Redeclaring math symbol \hbar on input line 98.
LaTeX Font Info:    Overwriting math alphabet `\mathfrak' in version `bold'
(Font)                  U/euf/m/n --> U/euf/b/n on input line 106.
))
(/usr/share/texlive/texmf-dist/tex/latex/mathtools/mathtools.sty
Package: mathtools 2021/02/02 v1.28 mathematical typesetting tools

(/usr/share/texlive/texmf-dist/tex/latex/tools/calc.sty
Package: calc 2017/05/25 v4.3 Infix arithmetic (KKT,FJ)
\calc@Acount=\count287
\calc@Bcount=\count288
\calc@Adimen=\dimen151
\calc@Bdimen=\dimen152
\calc@Askip=\skip52
\calc@Bskip=\skip53
LaTeX Info: Redefining \setlength on input line 80.
LaTeX Info: Redefining \addtolength on input line 81.
\calc@Ccount=\count289
\calc@Cskip=\skip54
)
(/usr/share/texlive/texmf-dist/tex/latex/mathtools/mhsetup.sty
Package: mhsetup 2021/03/18 v1.4 programming setup (MH)
)
\g_MT_multlinerow_int=\count290
\l_MT_multwidth_dim=\dimen153
\origjot=\skip55
\l_MT_shortvdotswithinadjustabove_dim=\dimen154
\l_MT_shortvdotswithinadjustbelow_dim=\dimen155
\l_MT_above_intertext_sep=\dimen156
\l_MT_below_intertext_sep=\dimen157
\l_MT_above_shortintertext_sep=\dimen158
\l_MT_below_shortintertext_sep=\dimen159
\xmathstrut@box=\box53
\xmathstrut@dim=\dimen160
)
(/usr/share/texlive/texmf-dist/tex/latex/graphics/graphicx.sty
Package: graphicx 2021/09/16 v1.2d Enhanced LaTeX Graphics (DPC,SPQR)

(/usr/share/texlive/texmf-dist/tex/latex/graphics/graphics.sty
Package: graphics 2021/03/04 v1.4d Standard LaTeX Graphics (DPC,SPQR)

(/usr/share/texlive/texmf-dist/tex/latex/graphics/trig.sty
Package: trig 2021/08/11 v1.11 sin cos tan (DPC)
)
(/usr/share/texlive/texmf-dist/tex/latex/graphics-cfg/graphics.cfg
File: graphics.cfg 2016/06/04 v1.11 sample graphics configuration
)
Package graphics Info: Driver file: xetex.def on input line 107.

(/usr/share/texlive/texmf-dist/tex/latex/graphics-def/xetex.def
File: xetex.def 2021/03/18 v5.0k Graphics/color driver for xetex
))
\Gin@req@height=\dimen161
\Gin@req@width=\dimen162
)
(/usr/share/texlive/texmf-dist/tex/latex/booktabs/booktabs.sty
Package: booktabs 2020/01/12 v1.61803398 Publication quality tables
\heavyrulewidth=\dimen163
\lightrulewidth=\dimen164
\cmidrulewidth=\dimen165
\belowrulesep=\dimen166
\belowbottomsep=\dimen167
\aboverulesep=\dimen168
\abovetopsep=\dimen169
\cmidrulesep=\dimen170
\cmidrulekern=\dimen171
\defaultaddspace=\dimen172
\@cmidla=\count291
\@cmidlb=\count292
\@aboverulesep=\dimen173
\@belowrulesep=\dimen174
\@thisruleclass=\count293
\@lastruleclass=\count294
\@thisrulewidth=\dimen175
)
(/usr/share/texlive/texmf-dist/tex/latex/caption/caption.sty
Package: caption 2020/10/26 v3.5g Customizing captions (AR)

(/usr/share/texlive/texmf-dist/tex/latex/caption/caption3.sty
Package: caption3 2020/10/21 v2.2e caption3 kernel (AR)
\captionmargin=\dimen176
\captionmargin@=\dimen177
\captionwidth=\dimen178
\caption@tempdima=\dimen179
\caption@indent=\dimen180
\caption@parindent=\dimen181
\caption@hangindent=\dimen182
Package caption Info: Standard document class detected.
)
\c@caption@flags=\count295
\c@continuedfloat=\count296
)
(/usr/share/texlive/texmf-dist/tex/latex/caption/subcaption.sty
Package: subcaption 2020/10/07 v1.3j Sub-captions (AR)
\c@subfigure=\count297
\c@subtable=\count298
)
(/usr/share/texlive/texmf-dist/tex/latex/hyperref/hyperref.sty
Package: hyperref 2021-06-07 v7.00m Hypertext links for LaTeX

(/usr/share/texlive/texmf-dist/tex/generic/ltxcmds/ltxcmds.sty
Package: ltxcmds 2020-05-10 v1.25 LaTeX kernel commands for general use (HO)
)
(/usr/share/texlive/texmf-dist/tex/generic/pdftexcmds/pdftexcmds.sty
Package: pdftexcmds 2020-06-27 v0.33 Utility functions of pdfTeX for LuaTeX (HO
)

(/usr/share/texlive/texmf-dist/tex/generic/infwarerr/infwarerr.sty
Package: infwarerr 2019/12/03 v1.5 Providing info/warning/error messages (HO)
)
Package pdftexcmds Info: \pdf@primitive is available.
Package pdftexcmds Info: \pdf@ifprimitive is available.
Package pdftexcmds Info: \pdfdraftmode not found.
)
(/usr/share/texlive/texmf-dist/tex/generic/kvsetkeys/kvsetkeys.sty
Package: kvsetkeys 2019/12/15 v1.18 Key value parser (HO)
)
(/usr/share/texlive/texmf-dist/tex/generic/kvdefinekeys/kvdefinekeys.sty
Package: kvdefinekeys 2019-12-19 v1.6 Define keys (HO)
)
(/usr/share/texlive/texmf-dist/tex/generic/pdfescape/pdfescape.sty
Package: pdfescape 2019/12/09 v1.15 Implements pdfTeX's escape features (HO)
)
(/usr/share/texlive/texmf-dist/tex/latex/hycolor/hycolor.sty
Package: hycolor 2020-01-27 v1.10 Color options for hyperref/bookmark (HO)
)
(/usr/share/texlive/texmf-dist/tex/latex/letltxmacro/letltxmacro.sty
Package: letltxmacro 2019/12/03 v1.6 Let assignment for LaTeX macros (HO)
)
(/usr/share/texlive/texmf-dist/tex/latex/auxhook/auxhook.sty
Package: auxhook 2019-12-17 v1.6 Hooks for auxiliary files (HO)
)
(/usr/share/texlive/texmf-dist/tex/latex/kvoptions/kvoptions.sty
Package: kvoptions 2020-10-07 v3.14 Key value format for package options (HO)
)
\@linkdim=\dimen183
\Hy@linkcounter=\count299
\Hy@pagecounter=\count300

(/usr/share/texlive/texmf-dist/tex/latex/hyperref/pd1enc.def
File: pd1enc.def 2021-06-07 v7.00m Hyperref: PDFDocEncoding definition (HO)
)
(/usr/share/texlive/texmf-dist/tex/latex/hyperref/hyperref-langpatches.def
File: hyperref-langpatches.def 2021-06-07 v7.00m Hyperref: patches for babel la
nguages
)
(/usr/share/texlive/texmf-dist/tex/generic/intcalc/intcalc.sty
Package: intcalc 2019/12/15 v1.3 Expandable calculations with integers (HO)
)
(/usr/share/texlive/texmf-dist/tex/generic/etexcmds/etexcmds.sty
Package: etexcmds 2019/12/15 v1.7 Avoid name clashes with e-TeX commands (HO)
)
\Hy@SavedSpaceFactor=\count301

(/usr/share/texlive/texmf-dist/tex/latex/hyperref/puenc.def
File: puenc.def 2021-06-07 v7.00m Hyperref: PDF Unicode definition (HO)
)
Package hyperref Info: Hyper figures OFF on input line 4192.
Package hyperref Info: Link nesting OFF on input line 4197.
Package hyperref Info: Hyper index ON on input line 4200.
Package hyperref Info: Plain pages OFF on input line 4207.
Package hyperref Info: Backreferencing OFF on input line 4212.
Package hyperref Info: Implicit mode ON; LaTeX internals redefined.
Package hyperref Info: Bookmarks ON on input line 4445.
\c@Hy@tempcnt=\count302

(/usr/share/texlive/texmf-dist/tex/latex/url/url.sty
\Urlmuskip=\muskip17
Package: url 2013/09/16  ver 3.4  Verb mode for urls, etc.
)
LaTeX Info: Redefining \url on input line 4804.
\XeTeXLinkMargin=\dimen184

(/usr/share/texlive/texmf-dist/tex/generic/bitset/bitset.sty
Package: bitset 2019/12/09 v1.3 Handle bit-vector datatype (HO)

(/usr/share/texlive/texmf-dist/tex/generic/bigintcalc/bigintcalc.sty
Package: bigintcalc 2019/12/15 v1.5 Expandable calculations on big integers (HO
)
))
\Fld@menulength=\count303
\Field@Width=\dimen185
\Fld@charsize=\dimen186
Package hyperref Info: Hyper figures OFF on input line 6076.
Package hyperref Info: Link nesting OFF on input line 6081.
Package hyperref Info: Hyper index ON on input line 6084.
Package hyperref Info: backreferencing OFF on input line 6091.
Package hyperref Info: Link coloring OFF on input line 6096.
Package hyperref Info: Link coloring with OCG OFF on input line 6101.
Package hyperref Info: PDF/A mode OFF on input line 6106.
LaTeX Info: Redefining \ref on input line 6146.
LaTeX Info: Redefining \pageref on input line 6150.

(/usr/share/texlive/texmf-dist/tex/latex/base/atbegshi-ltx.sty
Package: atbegshi-ltx 2021/01/10 v1.0c Emulation of the original atbegshi
package with kernel methods
)
\Hy@abspage=\count304
\c@Item=\count305
\c@Hfootnote=\count306
)
Package hyperref Info: Driver (autodetected): hxetex.

(/usr/share/texlive/texmf-dist/tex/latex/hyperref/hxetex.def
File: hxetex.def 2021-06-07 v7.00m Hyperref driver for XeTeX

(/usr/share/texlive/texmf-dist/tex/generic/stringenc/stringenc.sty
Package: stringenc 2019/11/29 v1.12 Convert strings between diff. encodings (HO
)
)
\pdfm@box=\box54
\c@Hy@AnnotLevel=\count307
\HyField@AnnotCount=\count308
\Fld@listcount=\count309
\c@bookmark@seq@number=\count310

(/usr/share/texlive/texmf-dist/tex/latex/rerunfilecheck/rerunfilecheck.sty
Package: rerunfilecheck 2019/12/05 v1.9 Rerun checks for auxiliary files (HO)

(/usr/share/texlive/texmf-dist/tex/latex/base/atveryend-ltx.sty
Package: atveryend-ltx 2020/08/19 v1.0a Emulation of the original atveryend pac
kage
with kernel methods
)
(/usr/share/texlive/texmf-dist/tex/generic/uniquecounter/uniquecounter.sty
Package: uniquecounter 2019/12/15 v1.4 Provide unlimited unique counter (HO)
)
Package uniquecounter Info: New unique counter `rerunfilecheck' on input line 2
86.
)
\Hy@SectionHShift=\skip56
)
(/usr/share/texlive/texmf-dist/tex/latex/geometry/geometry.sty
Package: geometry 2020/01/02 v5.9 Page Geometry

(/usr/share/texlive/texmf-dist/tex/generic/iftex/ifvtex.sty
Package: ifvtex 2019/10/25 v1.7 ifvtex legacy package. Use iftex instead.
)
\Gm@cnth=\count311
\Gm@cntv=\count312
\c@Gm@tempcnt=\count313
\Gm@bindingoffset=\dimen187
\Gm@wd@mp=\dimen188
\Gm@odd@mp=\dimen189
\Gm@even@mp=\dimen190
\Gm@layoutwidth=\dimen191
\Gm@layoutheight=\dimen192
\Gm@layouthoffset=\dimen193
\Gm@layoutvoffset=\dimen194
\Gm@dimlist=\toks23
)
(/usr/share/texlive/texmf-dist/tex/latex/placeins/placeins.sty
Package: placeins 2005/04/18  v 2.2
)
(/usr/share/texlive/texmf-dist/tex/latex/listings/listings.sty
\lst@mode=\count314
\lst@gtempboxa=\box55
\lst@token=\toks24
\lst@length=\count315
\lst@currlwidth=\dimen195
\lst@column=\count316
\lst@pos=\count317
\lst@lostspace=\dimen196
\lst@width=\dimen197
\lst@newlines=\count318
\lst@lineno=\count319
\lst@maxwidth=\dimen198

(/usr/share/texlive/texmf-dist/tex/latex/listings/lstmisc.sty
File: lstmisc.sty 2020/03/24 1.8d (Carsten Heinz)
\c@lstnumber=\count320
\lst@skipnumbers=\count321
\lst@framebox=\box56
)
(/usr/share/texlive/texmf-dist/tex/latex/listings/listings.cfg
File: listings.cfg 2020/03/24 1.8d listings configuration
))
Package: listings 2020/03/24 1.8d (Carsten Heinz)

(/usr/share/texlive/texmf-dist/tex/latex/listingsutf8/listingsutf8.sty
Package: listingsutf8 2019-12-10 v1.5 Allow UTF-8 in listings input (HO)


Package listingsutf8 Warning: Package loading is aborted because of missing \pd
f@unescapehex.
(listingsutf8)                It is provided by pdfTeX >= 1.30.

) (/usr/share/texlive/texmf-dist/tex/latex/biblatex/biblatex.sty
Package: biblatex 2022/02/02 v3.17 programmable bibliographies (PK/MW)

(/usr/share/texlive/texmf-dist/tex/latex/logreq/logreq.sty
Package: logreq 2010/08/04 v1.0 xml request logger
\lrq@indent=\count322

(/usr/share/texlive/texmf-dist/tex/latex/logreq/logreq.def
File: logreq.def 2010/08/04 v1.0 logreq spec v1.0
))
(/usr/share/texlive/texmf-dist/tex/latex/base/ifthen.sty
Package: ifthen 2020/11/24 v1.1c Standard LaTeX ifthen package (DPC)
)
\c@tabx@nest=\count323
\c@listtotal=\count324
\c@listcount=\count325
\c@liststart=\count326
\c@liststop=\count327
\c@citecount=\count328
\c@citetotal=\count329
\c@multicitecount=\count330
\c@multicitetotal=\count331
\c@instcount=\count332
\c@maxnames=\count333
\c@minnames=\count334
\c@maxitems=\count335
\c@minitems=\count336
\c@citecounter=\count337
\c@maxcitecounter=\count338
\c@savedcitecounter=\count339
\c@uniquelist=\count340
\c@uniquename=\count341
\c@refsection=\count342
\c@refsegment=\count343
\c@maxextratitle=\count344
\c@maxextratitleyear=\count345
\c@maxextraname=\count346
\c@maxextradate=\count347
\c@maxextraalpha=\count348
\c@abbrvpenalty=\count349
\c@highnamepenalty=\count350
\c@lownamepenalty=\count351
\c@maxparens=\count352
\c@parenlevel=\count353
\blx@tempcnta=\count354
\blx@tempcntb=\count355
\blx@tempcntc=\count356
\c@blx@maxsection=\count357
\c@blx@maxsegment@0=\count358
\blx@notetype=\count359
\blx@parenlevel@text=\count360
\blx@parenlevel@foot=\count361
\c@blx@sectionciteorder@0=\count362
\blx@entrysetcounter=\count363
\blx@biblioinstance=\count364
\labelnumberwidth=\skip57
\labelalphawidth=\skip58
\biblabelsep=\skip59
\bibitemsep=\skip60
\bibnamesep=\skip61
\bibinitsep=\skip62
\bibparsep=\skip63
\bibhang=\skip64
\blx@bcfin=\read2
\blx@bcfout=\write3
\blx@langwohyphens=\language12
\c@mincomprange=\count365
\c@maxcomprange=\count366
\c@mincompwidth=\count367
Package biblatex Info: Trying to load biblatex default data model...
Package biblatex Info: ... file 'blx-dm.def' found.

(/usr/share/texlive/texmf-dist/tex/latex/biblatex/blx-dm.def
File: blx-dm.def 2022/02/02 v3.17 biblatex localization (PK/MW)
)
Package biblatex Info: Trying to load biblatex style data model...
Package biblatex Info: ... file 'numeric.dbx' not found.
Package biblatex Info: Trying to load biblatex custom data model...
Package biblatex Info: ... file 'biblatex-dm.cfg' not found.
\c@afterword=\count368
\c@savedafterword=\count369
\c@annotator=\count370
\c@savedannotator=\count371
\c@author=\count372
\c@savedauthor=\count373
\c@bookauthor=\count374
\c@savedbookauthor=\count375
\c@commentator=\count376
\c@savedcommentator=\count377
\c@editor=\count378
\c@savededitor=\count379
\c@editora=\count380
\c@savededitora=\count381
\c@editorb=\count382
\c@savededitorb=\count383
\c@editorc=\count384
\c@savededitorc=\count385
\c@foreword=\count386
\c@savedforeword=\count387
\c@holder=\count388
\c@savedholder=\count389
\c@introduction=\count390
\c@savedintroduction=\count391
\c@namea=\count392
\c@savednamea=\count393
\c@nameb=\count394
\c@savednameb=\count395
\c@namec=\count396
\c@savednamec=\count397
\c@translator=\count398
\c@savedtranslator=\count399
\c@shortauthor=\count400
\c@savedshortauthor=\count401
\c@shorteditor=\count402
\c@savedshorteditor=\count403
\c@labelname=\count404
\c@savedlabelname=\count405
\c@institution=\count406
\c@savedinstitution=\count407
\c@lista=\count408
\c@savedlista=\count409
\c@listb=\count410
\c@savedlistb=\count411
\c@listc=\count412
\c@savedlistc=\count413
\c@listd=\count414
\c@savedlistd=\count415
\c@liste=\count416
\c@savedliste=\count417
\c@listf=\count418
\c@savedlistf=\count419
\c@location=\count420
\c@savedlocation=\count421
\c@organization=\count422
\c@savedorganization=\count423
\c@origlocation=\count424
\c@savedoriglocation=\count425
\c@origpublisher=\count426
\c@savedorigpublisher=\count427
\c@publisher=\count428
\c@savedpublisher=\count429
\c@language=\count430
\c@savedlanguage=\count431
\c@origlanguage=\count432
\c@savedoriglanguage=\count433
\c@pageref=\count434
\c@savedpageref=\count435
\shorthandwidth=\skip65
\shortjournalwidth=\skip66
\shortserieswidth=\skip67
\shorttitlewidth=\skip68
\shortauthorwidth=\skip69
\shorteditorwidth=\skip70
\locallabelnumberwidth=\skip71
\locallabelalphawidth=\skip72
\localshorthandwidth=\skip73
\localshortjournalwidth=\skip74
\localshortserieswidth=\skip75
\localshorttitlewidth=\skip76
\localshortauthorwidth=\skip77
\localshorteditorwidth=\skip78
Package biblatex Info: Trying to load enhanced support for Unicode engines...
Package biblatex Info: ... file 'blx-unicode.def' found.

(/usr/share/texlive/texmf-dist/tex/latex/biblatex/blx-unicode.def)
Package biblatex Info: Trying to load compatibility code...
Package biblatex Info: ... file 'blx-compat.def' found.

(/usr/share/texlive/texmf-dist/tex/latex/biblatex/blx-compat.def
File: blx-compat.def 2022/02/02 v3.17 biblatex compatibility (PK/MW)
)
Package biblatex Info: Trying to load generic definitions...
Package biblatex Info: ... file 'biblatex.def' found.

(/usr/share/texlive/texmf-dist/tex/latex/biblatex/biblatex.def
File: biblatex.def 2022/02/02 v3.17 biblatex compatibility (PK/MW)
\c@textcitecount=\count436
\c@textcitetotal=\count437
\c@textcitemaxnames=\count438
\c@biburlbigbreakpenalty=\count439
\c@biburlbreakpenalty=\count440
\c@biburlnumpenalty=\count441
\c@biburlucpenalty=\count442
\c@biburllcpenalty=\count443
\biburlbigskip=\muskip18
\biburlnumskip=\muskip19
\biburlucskip=\muskip20
\biburllcskip=\muskip21
\c@smartand=\count444
)
Package biblatex Info: Trying to load bibliography style 'numeric'...
Package biblatex Info: ... file 'numeric.bbx' found.

(/usr/share/texlive/texmf-dist/tex/latex/biblatex/bbx/numeric.bbx
File: numeric.bbx 2022/02/02 v3.17 biblatex bibliography style (PK/MW)
Package biblatex Info: Trying to load bibliography style 'standard'...
Package biblatex Info: ... file 'standard.bbx' found.

(/usr/share/texlive/texmf-dist/tex/latex/biblatex/bbx/standard.bbx
File: standard.bbx 2022/02/02 v3.17 biblatex bibliography style (PK/MW)
\c@bbx:relatedcount=\count445
\c@bbx:relatedtotal=\count446
))
Package biblatex Info: Trying to load citation style 'numeric'...
Package biblatex Info: ... file 'numeric.cbx' found.

(/usr/share/texlive/texmf-dist/tex/latex/biblatex/cbx/numeric.cbx
File: numeric.cbx 2022/02/02 v3.17 biblatex citation style (PK/MW)
Package biblatex Info: Redefining '\cite'.
Package biblatex Info: Redefining '\parencite'.
Package biblatex Info: Redefining '\footcite'.
Package biblatex Info: Redefining '\footcitetext'.
Package biblatex Info: Redefining '\smartcite'.
Package biblatex Info: Redefining '\supercite'.
Package biblatex Info: Redefining '\textcite'.
Package biblatex Info: Redefining '\textcites'.
Package biblatex Info: Redefining '\cites'.
Package biblatex Info: Redefining '\parencites'.
Package biblatex Info: Redefining '\smartcites'.
)
Package biblatex Info: Trying to load configuration file...
Package biblatex Info: ... file 'biblatex.cfg' found.

(/usr/share/texlive/texmf-dist/tex/latex/biblatex/biblatex.cfg
File: biblatex.cfg 
)
Package biblatex Info: XeTeX detected.
(biblatex)             Assuming input encoding 'utf8'.
Package biblatex Info: Document encoding is UTF8 ....
Package biblatex Info: ... and expl3
(biblatex)             2022-01-21 L3 programming layer (loader) 
(biblatex)             is new enough (at least 2020/04/06),
(biblatex)             setting 'casechanger=expl3'.

(/usr/share/texlive/texmf-dist/tex/latex/biblatex/blx-case-expl3.sty
Package: blx-case-expl3 2022/02/02 v3.17 expl3 case changing code for biblatex
))
\@quotelevel=\count447
\@quotereset=\count448

(./main.aux
LaTeX Info: Redefining \rmfamily on input line 21.
LaTeX Info: Redefining \sffamily on input line 21.
LaTeX Info: Redefining \ttfamily on input line 21.

Package fontspec Info: DejaVu Serif scale = 0.8303670077634845.


Package fontspec Info: DejaVu Serif scale = 0.8303670077634845.


Package fontspec Info: DejaVu Serif/B scale = 0.8303670077634845.


Package fontspec Info: DejaVu Serif/I scale = 0.8303670077634845.


Package fontspec Info: DejaVu Serif/BI scale = 0.8303670077634845.


Package fontspec Info: Font family 'DejaVuSerif(1)' created for font 'DejaVu
(fontspec)             Serif' with options
(fontspec)             [Ligatures=TeX,Scale=MatchLowercase,Ligatures=TeX,Script
=Cyrillic].
(fontspec)              
(fontspec)              This font family consists of the following NFSS
(fontspec)             series/shapes:
(fontspec)              
(fontspec)             - 'normal' (m/n) with NFSS spec.:
(fontspec)             <->s*[0.8303670077634845]"DejaVu
(fontspec)             Serif/OT:script=cyrl;language=dflt;mapping=tex-text;"
(fontspec)             - 'small caps'  (m/sc) with NFSS spec.: 
(fontspec)             - 'bold' (b/n) with NFSS spec.:
(fontspec)             <->s*[0.8303670077634845]"DejaVu
(fontspec)             Serif/B/OT:script=cyrl;language=dflt;mapping=tex-text;"
(fontspec)             - 'bold small caps'  (b/sc) with NFSS spec.: 
(fontspec)             - 'italic' (m/it) with NFSS spec.:
(fontspec)             <->s*[0.8303670077634845]"DejaVu
(fontspec)             Serif/I/OT:script=cyrl;language=dflt;mapping=tex-text;"
(fontspec)             - 'italic small caps'  (m/scit) with NFSS spec.: 
(fontspec)             - 'bold italic' (b/it) with NFSS spec.:
(fontspec)             <->s*[0.8303670077634845]"DejaVu
(fontspec)             Serif/BI/OT:script=cyrl;language=dflt;mapping=tex-text;"

(fontspec)             - 'bold italic small caps'  (b/scit) with NFSS spec.: 

LaTeX Font Info:    Font shape `TU/DejaVuSerif(1)/m/n' will be
(Font)              scaled to size 9.96442pt on input line 21.
)
\openout1 = `main.aux'.

LaTeX Font Info:    Checking defaults for OML/cmm/m/it on input line 70.
LaTeX Font Info:    ... okay on input line 70.
LaTeX Font Info:    Checking defaults for OMS/cmsy/m/n on input line 70.
LaTeX Font Info:    ... okay on input line 70.
LaTeX Font Info:    Checking defaults for OT1/cmr/m/n on input line 70.
LaTeX Font Info:    ... okay on input line 70.
LaTeX Font Info:    Checking defaults for T1/cmr/m/n on input line 70.
LaTeX Font Info:    ... okay on input line 70.
LaTeX Font Info:    Checking defaults for TS1/cmr/m/n on input line 70.
LaTeX Font Info:    Trying to load font information for TS1+cmr on input line 7
0.
 (/usr/share/texlive/texmf-dist/tex/latex/base/ts1cmr.fd
File: ts1cmr.fd 2019/12/16 v2.5j Standard LaTeX font definitions
)
LaTeX Font Info:    ... okay on input line 70.
LaTeX Font Info:    Checking defaults for TU/lmr/m/n on input line 70.
LaTeX Font Info:    ... okay on input line 70.
LaTeX Font Info:    Checking defaults for OMX/cmex/m/n on input line 70.
LaTeX Font Info:    ... okay on input line 70.
LaTeX Font Info:    Checking defaults for U/cmr/m/n on input line 70.
LaTeX Font Info:    ... okay on input line 70.
LaTeX Font Info:    Checking defaults for PD1/pdf/m/n on input line 70.
LaTeX Font Info:    ... okay on input line 70.
LaTeX Font Info:    Checking defaults for PU/pdf/m/n on input line 70.
LaTeX Font Info:    ... okay on input line 70.

Package fontspec Info: Adjusting the maths setup (use [no-math] to avoid
(fontspec)             this).

\symlegacymaths=\mathgroup6
LaTeX Font Info:    Overwriting symbol font `legacymaths' in version `bold'
(Font)                  OT1/cmr/m/n --> OT1/cmr/bx/n on input line 70.
LaTeX Font Info:    Redeclaring math accent \acute on input line 70.
LaTeX Font Info:    Redeclaring math accent \grave on input line 70.
LaTeX Font Info:    Redeclaring math accent \ddot on input line 70.
LaTeX Font Info:    Redeclaring math accent \tilde on input line 70.
LaTeX Font Info:    Redeclaring math accent \bar on input line 70.
LaTeX Font Info:    Redeclaring math accent \breve on input line 70.
LaTeX Font Info:    Redeclaring math accent \check on input line 70.
LaTeX Font Info:    Redeclaring math accent \hat on input line 70.
LaTeX Font Info:    Redeclaring math accent \dot on input line 70.
LaTeX Font Info:    Redeclaring math accent \mathring on input line 70.
LaTeX Font Info:    Redeclaring math symbol \Gamma on input line 70.
LaTeX Font Info:    Redeclaring math symbol \Delta on input line 70.
LaTeX Font Info:    Redeclaring math symbol \Theta on input line 70.
LaTeX Font Info:    Redeclaring math symbol \Lambda on input line 70.
LaTeX Font Info:    Redeclaring math symbol \Xi on input line 70.
LaTeX Font Info:    Redeclaring math symbol \Pi on input line 70.
LaTeX Font Info:    Redeclaring math symbol \Sigma on input line 70.
LaTeX Font Info:    Redeclaring math symbol \Upsilon on input line 70.
LaTeX Font Info:    Redeclaring math symbol \Phi on input line 70.
LaTeX Font Info:    Redeclaring math symbol \Psi on input line 70.
LaTeX Font Info:    Redeclaring math symbol \Omega on input line 70.
LaTeX Font Info:    Redeclaring math symbol \mathdollar on input line 70.
LaTeX Font Info:    Redeclaring symbol font `operators' on input line 70.
LaTeX Font Info:    Encoding `OT1' has changed to `TU' for symbol font
(Font)              `operators' in the math version `normal' on input line 70.
LaTeX Font Info:    Overwriting symbol font `operators' in version `normal'
(Font)                  OT1/cmr/m/n --> TU/DejaVuSerif(0)/m/n on input line 70.

LaTeX Font Info:    Encoding `OT1' has changed to `TU' for symbol font
(Font)              `operators' in the math version `bold' on input line 70.
LaTeX Font Info:    Overwriting symbol font `operators' in version `bold'
(Font)                  OT1/cmr/bx/n --> TU/DejaVuSerif(0)/m/n on input line 70
.
LaTeX Font Info:    Overwriting symbol font `operators' in version `normal'
(Font)                  TU/DejaVuSerif(0)/m/n --> TU/DejaVuSerif(0)/m/n on inpu
t line 70.
LaTeX Font Info:    Overwriting math alphabet `\mathit' in version `normal'
(Font)                  OT1/cmr/m/it --> TU/DejaVuSerif(0)/m/it on input line 7
0.
LaTeX Font Info:    Overwriting math alphabet `\mathbf' in version `normal'
(Font)                  OT1/cmr/bx/n --> TU/DejaVuSerif(0)/b/n on input line 70
.
LaTeX Font Info:    Overwriting math alphabet `\mathsf' in version `normal'
(Font)                  OT1/cmss/m/n --> TU/DejaVuSans(0)/m/n on input line 70.

LaTeX Font Info:    Overwriting math alphabet `\mathtt' in version `normal'
(Font)                  OT1/cmtt/m/n --> TU/DejaVuSansMono(0)/m/n on input line
 70.
LaTeX Font Info:    Overwriting symbol font `operators' in version `bold'
(Font)                  TU/DejaVuSerif(0)/m/n --> TU/DejaVuSerif(0)/b/n on inpu
t line 70.
LaTeX Font Info:    Overwriting math alphabet `\mathit' in version `bold'
(Font)                  OT1/cmr/bx/it --> TU/DejaVuSerif(0)/b/it on input line 
70.
LaTeX Font Info:    Overwriting math alphabet `\mathsf' in version `bold'
(Font)                  OT1/cmss/bx/n --> TU/DejaVuSans(0)/b/n on input line 70
.
LaTeX Font Info:    Overwriting math alphabet `\mathtt' in version `bold'
(Font)                  OT1/cmtt/m/n --> TU/DejaVuSansMono(0)/b/n on input line
 70.
Package caption Info: Begin \AtBeginDocument code.
Package caption Info: hyperref package is loaded.
Package caption Info: listings package is loaded.
Package caption Info: End \AtBeginDocument code.
Package hyperref Info: Link coloring OFF on input line 70.

(/usr/share/texlive/texmf-dist/tex/latex/hyperref/nameref.sty
Package: nameref 2021-04-02 v2.47 Cross-referencing by name of section

(/usr/share/texlive/texmf-dist/tex/latex/refcount/refcount.sty
Package: refcount 2019/12/15 v3.6 Data extraction from label references (HO)
)
(/usr/share/texlive/texmf-dist/tex/generic/gettitlestring/gettitlestring.sty
Package: gettitlestring 2019/12/15 v1.6 Cleanup title references (HO)
)
\c@section@level=\count449
)
LaTeX Info: Redefining \ref on input line 70.
LaTeX Info: Redefining \pageref on input line 70.
LaTeX Info: Redefining \nameref on input line 70.

(./main.out) (./main.out)
\@outlinefile=\write4
\openout4 = `main.out'.


*geometry* driver: auto-detecting
*geometry* detected driver: xetex
*geometry* verbose mode - [ preamble ] result:
* driver: xetex
* paper: a4paper
* layout: <same size as paper>
* layoutoffset:(h,v)=(0.0pt,0.0pt)
* modes: 
* h-part:(L,W,R)=(71.13188pt, 455.24411pt, 71.13188pt)
* v-part:(T,H,B)=(71.13188pt, 702.78308pt, 71.13188pt)
* \paperwidth=597.50787pt
* \paperheight=845.04684pt
* \textwidth=455.24411pt
* \textheight=702.78308pt
* \oddsidemargin=-1.1381pt
* \evensidemargin=-1.1381pt
* \topmargin=-38.1381pt
* \headheight=12.0pt
* \headsep=25.0pt
* \topskip=12.0pt
* \footskip=30.0pt
* \marginparwidth=35.0pt
* \marginparsep=10.0pt
* \columnsep=10.0pt
* \skip\footins=10.8pt plus 4.0pt minus 2.0pt
* \hoffset=0.0pt
* \voffset=0.0pt
* \mag=1000
* \@twocolumnfalse
* \@twosidefalse
* \@mparswitchfalse
* \@reversemarginfalse
* (1in=72.27pt=25.4mm, 1cm=28.453pt)

\c@lstlisting=\count450
(/usr/share/texlive/texmf-dist/tex/latex/base/inputenc.sty
Package: inputenc 2021/02/14 v1.3d Input encoding file
\inpenc@prehook=\toks25
\inpenc@posthook=\toks26
)
Package biblatex Info: Trying to load language 'ukrainian'...
Package biblatex Info: ... file 'ukrainian.lbx' found.

(/usr/share/texlive/texmf-dist/tex/latex/biblatex/lbx/ukrainian.lbx
File: ukrainian.lbx 2022/02/02 v3.17 biblatex localization (PK/MW)
)
Package biblatex Info: XeTeX detected.
(biblatex)             Assuming input encoding 'utf8'.
Package biblatex Info: Automatic encoding selection.
(biblatex)             Assuming data encoding 'utf8'.
\openout3 = `main.bcf'.

Package biblatex Info: Trying to load bibliographic data...
Package biblatex Info: ... file 'main.bbl' found.

(./main.bbl

Package fontspec Info: DejaVu Serif scale = 0.8303670077634845.


Package fontspec Info: DejaVu Serif scale = 0.8303670077634845.


Package fontspec Info: DejaVu Serif scale = 0.8303670077634845.

)
Package biblatex Info: Reference section=0 on input line 70.
Package biblatex Info: Reference segment=0 on input line 70.
LaTeX Info: Redefining \rmfamily on input line 70.
LaTeX Info: Redefining \sffamily on input line 70.
LaTeX Info: Redefining \ttfamily on input line 70.
LaTeX Info: Redefining \rmfamily on input line 70.
LaTeX Info: Redefining \sffamily on input line 70.
LaTeX Info: Redefining \ttfamily on input line 70.

Package fontspec Info: DejaVu Serif scale = 0.8303670077634845.

LaTeX Font Info:    Font shape `TU/DejaVuSerif(1)/m/n' will be
(Font)              scaled to size 14.34875pt on input line 74.
LaTeX Font Info:    Font shape `TU/DejaVuSerif(1)/m/n' will be
(Font)              scaled to size 11.95729pt on input line 75.
LaTeX Font Info:    Font shape `TU/DejaVuSerif(1)/m/n' will be
(Font)              scaled to size 17.22183pt on input line 76.
LaTeX Font Info:    Font shape `TU/DejaVuSerif(1)/b/n' will be
(Font)              scaled to size 17.22183pt on input line 76.
LaTeX Font Info:    Font shape `TU/DejaVuSerif(1)/b/n' will be
(Font)              scaled to size 14.34875pt on input line 77.

Underfull \hbox (badness 10000) in paragraph at lines 81--82

 []

LaTeX Font Info:    Font shape `TU/DejaVuSerif(0)/m/n' will be
(Font)              scaled to size 6.64294pt on input line 82.
LaTeX Font Info:    Font shape `TU/DejaVuSerif(0)/m/n' will be
(Font)              scaled to size 4.98221pt on input line 82.
LaTeX Font Info:    Trying to load font information for U+msa on input line 82.

(/usr/share/texlive/texmf-dist/tex/latex/amsfonts/umsa.fd
File: umsa.fd 2013/01/14 v3.01 AMS symbols A
)
LaTeX Font Info:    Trying to load font information for U+msb on input line 82.


(/usr/share/texlive/texmf-dist/tex/latex/amsfonts/umsb.fd
File: umsb.fd 2013/01/14 v3.01 AMS symbols B
)

Package fontspec Info: DejaVu Serif scale = 0.8303670077634845.

 [1

]

Package fontspec Info: DejaVu Serif scale = 0.8303670077634845.

 (./main.toc
LaTeX Info: Redefining \rmfamily on input line 1.
LaTeX Info: Redefining \sffamily on input line 1.
LaTeX Info: Redefining \ttfamily on input line 1.

Package fontspec Info: DejaVu Serif scale = 0.8303670077634845.

LaTeX Font Info:    Font shape `TU/DejaVuSerif(1)/b/n' will be
(Font)              scaled to size 9.96442pt on input line 2.

Package fontspec Info: DejaVu Serif scale = 0.8303670077634845.


Package fontspec Info: DejaVu Serif scale = 0.8303670077634845.


Package fontspec Info: DejaVu Serif scale = 0.8303670077634845.


Package fontspec Info: DejaVu Serif scale = 0.8303670077634845.


Package fontspec Info: DejaVu Serif scale = 0.8303670077634845.


Package fontspec Info: DejaVu Serif scale = 0.8303670077634845.


Package fontspec Info: DejaVu Serif scale = 0.8303670077634845.


Package fontspec Info: DejaVu Serif scale = 0.8303670077634845.


Package fontspec Info: DejaVu Serif scale = 0.8303670077634845.


Package fontspec Info: DejaVu Serif scale = 0.8303670077634845.

)
\tf@toc=\write5
\openout5 = `main.toc'.


Package fontspec Info: DejaVu Serif scale = 0.8303670077634845.


Package fontspec Info: DejaVu Serif scale = 0.8303670077634845.


[1]

Package fontspec Info: DejaVu Serif scale = 0.8303670077634845.


Package fontspec Info: DejaVu Serif scale = 0.8303670077634845.


Package fontspec Info: DejaVu Serif scale = 0.8303670077634845.


Package fontspec Info: DejaVu Serif scale = 0.8303670077634845.

LaTeX Font Info:    Font shape `TU/DejaVuSerif(0)/b/n' will be
(Font)              scaled to size 9.96442pt on input line 124.
LaTeX Font Info:    Font shape `TU/DejaVuSerif(0)/b/n' will be
(Font)              scaled to size 6.64294pt on input line 124.
LaTeX Font Info:    Font shape `TU/DejaVuSerif(0)/b/n' will be
(Font)              scaled to size 4.98221pt on input line 124.

Package fontspec Info: DejaVu Serif scale = 0.8303670077634845.


Package fontspec Info: DejaVu Serif scale = 0.8303670077634845.

LaTeX Font Info:    Font shape `TU/DejaVuSerif(1)/b/n' will be
(Font)              scaled to size 11.95729pt on input line 128.

Package fontspec Info: DejaVu Serif scale = 0.8303670077634845.


Package fontspec Info: DejaVu Serif scale = 0.8303670077634845.

LaTeX Font Info:    Font shape `TU/DejaVuSerif(1)/m/it' will be
(Font)              scaled to size 9.96442pt on input line 137.

Package fontspec Info: DejaVu Serif scale = 0.8303670077634845.


Package fontspec Info: DejaVu Serif scale = 0.8303670077634845.


Package fontspec Info: DejaVu Serif scale = 0.8303670077634845.


Package fontspec Info: DejaVu Serif scale = 0.8303670077634845.

 [2]

Package fontspec Info: DejaVu Serif scale = 0.8303670077634845.


Package fontspec Info: DejaVu Serif scale = 0.8303670077634845.


Package fontspec Info: DejaVu Serif scale = 0.8303670077634845.


Package fontspec Info: DejaVu Serif scale = 0.8303670077634845.


Package fontspec Info: DejaVu Serif scale = 0.8303670077634845.


Package fontspec Info: DejaVu Serif scale = 0.8303670077634845.


Overfull \hbox (10.80478pt too wide) in paragraph at lines 165--166
\TU/DejaVuSerif(1)/m/n/12 Використовуємо також правило Голдстейна [[]2[]], яке 
задає двосторонню умову на прийня-
 []


Package fontspec Info: DejaVu Serif scale = 0.8303670077634845.


Package fontspec Info: DejaVu Serif scale = 0.8303670077634845.

LaTeX Font Info:    Font shape `TU/DejaVuSansMono(0)/m/n' will be
(Font)              scaled to size 9.45721pt on input line 175.

Package fontspec Info: DejaVu Sans Mono scale = 0.7881073565212135.


Package fontspec Info: DejaVu Sans Mono scale = 0.7881073565212135.


Package fontspec Info: DejaVu Sans Mono/B scale = 0.7881073565212135.


Package fontspec Info: DejaVu Sans Mono/I scale = 0.7881073565212135.


Package fontspec Info: DejaVu Sans Mono/BI scale = 0.7881073565212135.


Package fontspec Info: Font family 'DejaVuSansMono(1)' created for font
(fontspec)             'DejaVu Sans Mono' with options
(fontspec)             [Ligatures=TeX,Scale=MatchLowercase,WordSpace={1,0,0},Hy
phenChar=None,PunctuationSpace=WordSpace,Script=Cyrillic].
(fontspec)              
(fontspec)              This font family consists of the following NFSS
(fontspec)             series/shapes:
(fontspec)              
(fontspec)             - 'normal' (m/n) with NFSS spec.:
(fontspec)             <->s*[0.7881073565212135]"DejaVu Sans
(fontspec)             Mono/OT:script=cyrl;language=dflt;mapping=tex-text;"
(fontspec)             - 'small caps'  (m/sc) with NFSS spec.: 
(fontspec)             and font adjustment code:
(fontspec)             \fontdimen 2\font =1\fontdimen 2\font \fontdimen 3\font
(fontspec)             =0\fontdimen 3\font \fontdimen 4\font =0\fontdimen
(fontspec)             4\font \fontdimen 7\font =0\fontdimen 2\font
(fontspec)             \tex_hyphenchar:D \font =-1\scan_stop: 
(fontspec)             - 'bold' (b/n) with NFSS spec.:
(fontspec)             <->s*[0.7881073565212135]"DejaVu Sans
(fontspec)             Mono/B/OT:script=cyrl;language=dflt;mapping=tex-text;"
(fontspec)             - 'bold small caps'  (b/sc) with NFSS spec.: 
(fontspec)             and font adjustment code:
(fontspec)             \fontdimen 2\font =1\fontdimen 2\font \fontdimen 3\font
(fontspec)             =0\fontdimen 3\font \fontdimen 4\font =0\fontdimen
(fontspec)             4\font \fontdimen 7\font =0\fontdimen 2\font
(fontspec)             \tex_hyphenchar:D \font =-1\scan_stop: 
(fontspec)             - 'italic' (m/it) with NFSS spec.:
(fontspec)             <->s*[0.7881073565212135]"DejaVu Sans
(fontspec)             Mono/I/OT:script=cyrl;language=dflt;mapping=tex-text;"
(fontspec)             - 'italic small caps'  (m/scit) with NFSS spec.: 
(fontspec)             and font adjustment code:
(fontspec)             \fontdimen 2\font =1\fontdimen 2\font \fontdimen 3\font
(fontspec)             =0\fontdimen 3\font \fontdimen 4\font =0\fontdimen
(fontspec)             4\font \fontdimen 7\font =0\fontdimen 2\font
(fontspec)             \tex_hyphenchar:D \font =-1\scan_stop: 
(fontspec)             - 'bold italic' (b/it) with NFSS spec.:
(fontspec)             <->s*[0.7881073565212135]"DejaVu Sans
(fontspec)             Mono/BI/OT:script=cyrl;language=dflt;mapping=tex-text;"
(fontspec)             - 'bold italic small caps'  (b/scit) with NFSS spec.: 
(fontspec)             and font adjustment code:
(fontspec)             \fontdimen 2\font =1\fontdimen 2\font \fontdimen 3\font
(fontspec)             =0\fontdimen 3\font \fontdimen 4\font =0\fontdimen
(fontspec)             4\font \fontdimen 7\font =0\fontdimen 2\font
(fontspec)             \tex_hyphenchar:D \font =-1\scan_stop: 

LaTeX Font Info:    Font shape `TU/DejaVuSansMono(1)/m/n' will be
(Font)              scaled to size 9.45721pt on input line 175.

Package fontspec Info: DejaVu Serif scale = 0.8303670077634845.

LaTeX Font Info:    Font shape `TU/DejaVuSansMono(0)/b/n' will be
(Font)              scaled to size 9.45721pt on input line 177.

Package fontspec Info: DejaVu Sans Mono scale = 0.7881073565212135.

LaTeX Font Info:    Font shape `TU/DejaVuSansMono(1)/b/n' will be
(Font)              scaled to size 9.45721pt on input line 177.

Package fontspec Info: DejaVu Sans Mono scale = 0.7881073565212135.


Package fontspec Info: DejaVu Sans Mono scale = 0.7881073565212135.


Overfull \hbox (0.41597pt too wide) in paragraph at lines 177--178
[]\TU/DejaVuSansMono(1)/b/n/12 objectives.py\TU/DejaVuSerif(1)/m/n/12 : інтерфе
йси (Protocol) та квадратична ціль \TU/DejaVuSansMono(1)/m/n/12 QuadraticObject
ive\TU/DejaVuSerif(1)/m/n/12 ; фа-
 []


Package fontspec Info: DejaVu Serif scale = 0.8303670077634845.


Package fontspec Info: DejaVu Sans Mono scale = 0.7881073565212135.


Package fontspec Info: DejaVu Sans Mono scale = 0.7881073565212135.


Package fontspec Info: DejaVu Sans Mono scale = 0.7881073565212135.


Package fontspec Info: DejaVu Sans Mono scale = 0.7881073565212135.


Package fontspec Info: DejaVu Serif scale = 0.8303670077634845.


Package fontspec Info: DejaVu Serif scale = 0.8303670077634845.

[3]

Package fontspec Info: DejaVu Serif scale = 0.8303670077634845.


Package fontspec Info: DejaVu Sans Mono scale = 0.7881073565212135.


Package fontspec Info: DejaVu Sans Mono scale = 0.7881073565212135.


Package fontspec Info: DejaVu Serif scale = 0.8303670077634845.


Package fontspec Info: DejaVu Sans Mono scale = 0.7881073565212135.


Package fontspec Info: DejaVu Sans Mono scale = 0.7881073565212135.


Package fontspec Info: DejaVu Sans Mono scale = 0.7881073565212135.


Package fontspec Info: DejaVu Sans Mono scale = 0.7881073565212135.


Package fontspec Info: DejaVu Sans Mono scale = 0.7881073565212135.


Overfull \hbox (54.33624pt too wide) in paragraph at lines 180--181
[]\TU/DejaVuSansMono(1)/b/n/12 visualization.py\TU/DejaVuSerif(1)/m/n/12 : візу
алізації \TU/DejaVuSansMono(1)/m/n/12 surface_for_slice\TU/DejaVuSerif(1)/m/n/1
2 , \TU/DejaVuSansMono(1)/m/n/12 show_isosurface_with_path\TU/DejaVuSerif(1)/m/
n/12 , \TU/DejaVuSansMono(1)/m/n/12 plot_metrics\TU/DejaVuSerif(1)/m/n/12 ,
 []


Package fontspec Info: DejaVu Sans Mono scale = 0.7881073565212135.


Package fontspec Info: DejaVu Sans Mono scale = 0.7881073565212135.


Package fontspec Info: DejaVu Sans Mono scale = 0.7881073565212135.


Package fontspec Info: DejaVu Serif scale = 0.8303670077634845.

LaTeX Font Info:    Font shape `TU/DejaVuSansMono(0)/b/n' will be
(Font)              scaled to size 11.34865pt on input line 184.
LaTeX Font Info:    Font shape `TU/DejaVuSerif(0)/b/n' will be
(Font)              scaled to size 11.95729pt on input line 184.

Package fontspec Info: DejaVu Sans Mono scale = 0.7881057243115152.

LaTeX Font Info:    Font shape `TU/DejaVuSansMono(1)/b/n' will be
(Font)              scaled to size 11.34865pt on input line 184.

Package fontspec Info: DejaVu Serif scale = 0.8303670077634845.


Package fontspec Info: DejaVu Sans Mono scale = 0.7881073565212135.


Package fontspec Info: DejaVu Sans Mono scale = 0.7881073565212135.


Package fontspec Info: DejaVu Sans Mono scale = 0.7881073565212135.


Package fontspec Info: DejaVu Sans Mono scale = 0.7881073565212135.


Package fontspec Info: DejaVu Serif scale = 0.8303670077634845.


Package fontspec Info: DejaVu Sans Mono scale = 0.7881073565212135.


Package fontspec Info: DejaVu Sans Mono scale = 0.7881073565212135.


Package fontspec Info: DejaVu Sans Mono scale = 0.7881073565212135.


Package fontspec Info: DejaVu Serif scale = 0.8303670077634845.


Package fontspec Info: DejaVu Sans Mono scale = 0.7881073565212135.


Package fontspec Info: DejaVu Serif scale = 0.8303670077634845.


Package fontspec Info: DejaVu Serif scale = 0.8303670077634845.


Package fontspec Info: DejaVu Sans Mono scale = 0.7881057243115152.


Package fontspec Info: DejaVu Serif scale = 0.8303670077634845.


Package fontspec Info: DejaVu Serif scale = 0.8303670077634845.


Package fontspec Info: DejaVu Sans Mono scale = 0.7881073565212135.


Package fontspec Info: DejaVu Serif scale = 0.8303670077634845.


Package fontspec Info: DejaVu Sans Mono scale = 0.7881073565212135.


Package fontspec Info: DejaVu Serif scale = 0.8303670077634845.


Package fontspec Info: DejaVu Sans Mono scale = 0.7881073565212135.


Package fontspec Info: DejaVu Serif scale = 0.8303670077634845.


Package fontspec Info: DejaVu Serif scale = 0.8303670077634845.


Package fontspec Info: DejaVu Sans Mono scale = 0.7881073565212135.


Package fontspec Info: DejaVu Sans Mono scale = 0.7881073565212135.


Package fontspec Info: DejaVu Sans Mono scale = 0.7881073565212135.


Overfull \hbox (6.20499pt too wide) in paragraph at lines 204--205
[]\TU/DejaVuSerif(1)/m/n/12 Для \TU/DejaVuSansMono(1)/m/n/12 goldstein_cond \TU
/DejaVuSerif(1)/m/n/12 виконує \TU/DejaVuSerif(1)/m/it/12 двохфазний \TU/DejaVu
Serif(1)/m/n/12 пошук: спочатку розширення кроку (\TU/DejaVuSansMono(1)/m/n/12 
t\TU/DejaVuSerif(1)/m/n/12 /$\OML/cmm/m/it/12 ^^L$\TU/DejaVuSerif(1)/m/n/12 ),
 []


Package fontspec Info: DejaVu Serif scale = 0.8303670077634845.


Package fontspec Info: DejaVu Serif scale = 0.8303670077634845.


Package fontspec Info: DejaVu Sans Mono scale = 0.7881057243115152.


Package fontspec Info: DejaVu Serif scale = 0.8303670077634845.


Package fontspec Info: DejaVu Sans Mono scale = 0.7881073565212135.


Package fontspec Info: DejaVu Sans Mono scale = 0.7881073565212135.

LaTeX Font Info:    Font shape `TU/DejaVuSerif(1)/m/n' will be
(Font)              scaled to size 6.64294pt on input line 210.
LaTeX Font Info:    Font shape `TU/DejaVuSerif(1)/m/n' will be
(Font)              scaled to size 4.98221pt on input line 210.

Overfull \hbox (12.6066pt too wide) in paragraph at lines 210--211
 []\TU/DejaVuSerif(1)/b/n/12 Градієнтний спуск.[] \TU/DejaVuSerif(1)/m/n/12 Фун
кція \TU/DejaVuSansMono(1)/m/n/12 gd_back_tracking(f, grad_f, x0, cond, max_ite
rs, tol,
 []


Overfull \hbox (12.6304pt too wide) in paragraph at lines 210--211
\TU/DejaVuSansMono(1)/m/n/12 t0, beta, c) \TU/DejaVuSerif(1)/m/n/12 реалізує іт
ерації $\OML/cmm/m/it/12 x[] \OT1/cmr/m/n/12 = \OML/cmm/m/it/12 x[] \OMS/cmsy/m
/n/12 ^^@ \OML/cmm/m/it/12 t[]\OMS/cmsy/m/n/12 r\OML/cmm/m/it/12 f\OT1/cmr/m/n/
12 (\OML/cmm/m/it/12 x[]\OT1/cmr/m/n/12 )$\TU/DejaVuSerif(1)/m/n/12 , де $\OML/
cmm/m/it/12 t[]$ \TU/DejaVuSerif(1)/m/n/12 обирається через \TU/DejaVuSansMono(
1)/m/n/12 back_tracking\TU/DejaVuSerif(1)/m/n/12 .
 []


Package fontspec Info: DejaVu Serif scale = 0.8303670077634845.


Package fontspec Info: DejaVu Serif scale = 0.8303670077634845.

[4]

Package fontspec Info: DejaVu Serif scale = 0.8303670077634845.


Package fontspec Info: DejaVu Sans Mono scale = 0.7881073565212135.


Package fontspec Info: DejaVu Serif scale = 0.8303670077634845.


Package fontspec Info: DejaVu Sans Mono scale = 0.7881073565212135.


Package fontspec Info: DejaVu Serif scale = 0.8303670077634845.


Package fontspec Info: DejaVu Sans Mono scale = 0.7881073565212135.


Package fontspec Info: DejaVu Serif scale = 0.8303670077634845.


Package fontspec Info: DejaVu Sans Mono scale = 0.7881073565212135.


Package fontspec Info: DejaVu Sans Mono scale = 0.7881073565212135.


Package fontspec Info: DejaVu Sans Mono scale = 0.7881073565212135.


Package fontspec Info: DejaVu Serif scale = 0.8303670077634845.


Package fontspec Info: DejaVu Sans Mono scale = 0.7881057243115152.


Package fontspec Info: DejaVu Serif scale = 0.8303670077634845.


Package fontspec Info: DejaVu Sans Mono scale = 0.7881073565212135.


Overfull \hbox (4.15459pt too wide) in paragraph at lines 221--222
[]\TU/DejaVuSansMono(1)/m/n/12 surface_for_slice(f, grid, slice_var, slice_val)
\TU/DejaVuSerif(1)/m/n/12 : 3D поверхня перерізу для фі-
 []


Package fontspec Info: DejaVu Serif scale = 0.8303670077634845.


Package fontspec Info: DejaVu Sans Mono scale = 0.7881073565212135.


Overfull \hbox (31.25478pt too wide) in paragraph at lines 222--223
[]\TU/DejaVuSansMono(1)/m/n/12 show_isosurface_with_path(f, history, grid_range
, vol_n, level, opacity)\TU/DejaVuSerif(1)/m/n/12 : об’ємна
 []


Package fontspec Info: DejaVu Serif scale = 0.8303670077634845.


Package fontspec Info: DejaVu Sans Mono scale = 0.7881073565212135.


Package fontspec Info: DejaVu Serif scale = 0.8303670077634845.


Package fontspec Info: DejaVu Sans Mono scale = 0.7881073565212135.


Package fontspec Info: DejaVu Sans Mono scale = 0.7881073565212135.


Overfull \hbox (19.55879pt too wide) in paragraph at lines 224--225
[]\TU/DejaVuSansMono(1)/m/n/12 save_video_xyz(history, filename, fps)\TU/DejaVu
Serif(1)/m/n/12 : анімація траєкторії у 3D (потребує \TU/DejaVuSansMono(1)/m/n/
12 ffmpeg\TU/DejaVuSerif(1)/m/n/12 ). 
 []


Package fontspec Info: DejaVu Serif scale = 0.8303670077634845.

(/usr/share/texlive/texmf-dist/tex/latex/listings/lstlang1.sty
File: lstlang1.sty 2020/03/24 1.8d listings language file
)

Package fontspec Info: DejaVu Sans Mono scale = 0.7881073565212135.

LaTeX Font Info:    Font shape `TU/DejaVuSansMono(1)/m/n' will be
(Font)              scaled to size 8.6297pt on input line 229.


Package inputenc Warning: inputenc package ignored with utf8 based engines.

LaTeX Font Info:    Font shape `TU/DejaVuSerif(0)/m/n' will be
(Font)              scaled to size 9.09251pt on input line 229.

Package fontspec Info: DejaVu Serif scale = 0.8303649094169827.

LaTeX Font Info:    Font shape `TU/DejaVuSerif(1)/m/n' will be
(Font)              scaled to size 9.09251pt on input line 229.
LaTeX Font Info:    Font shape `TU/DejaVuSansMono(1)/b/n' will be
(Font)              scaled to size 8.6297pt on input line 230.

Package fontspec Info: DejaVu Serif scale = 0.8303670077634845.


Package fontspec Info: DejaVu Sans Mono scale = 0.7881073565212135.


Package fontspec Info: DejaVu Sans Mono scale = 0.7881073565212135.


Overfull \hbox (9.19681pt too wide) in paragraph at lines 242--243
 []\TU/DejaVuSerif(1)/b/n/12 Залежності.[] \TU/DejaVuSerif(1)/m/n/12 Візуалізац
ії використовують Plotly/Matplotlib; відео потребує \TU/DejaVuSansMono(1)/m/n/1
2 ffmpeg\TU/DejaVuSerif(1)/m/n/12 . Спи-
 []


Package fontspec Info: DejaVu Sans Mono scale = 0.7881073565212135.


Package fontspec Info: DejaVu Serif scale = 0.8303670077634845.


Package fontspec Info: DejaVu Serif scale = 0.8303670077634845.


Package fontspec Info: DejaVu Serif scale = 0.8303670077634845.


Package fontspec Info: DejaVu Serif scale = 0.8303670077634845.

[5]
Overfull \hbox (14.41708pt too wide) in paragraph at lines 260--261
\TU/DejaVuSerif(1)/m/n/12 Початковий крок $\OML/cmm/m/it/12 t[] \OT1/cmr/m/n/12
 = 1$\TU/DejaVuSerif(1)/m/n/12 , коефіцієнт скорочення $\OML/cmm/m/it/12 ^^L \O
T1/cmr/m/n/12 = 0\OML/cmm/m/it/12 :\OT1/cmr/m/n/12 5$\TU/DejaVuSerif(1)/m/n/12 
, критерій зупинки — $\OMS/cmsy/m/n/12 kr\OML/cmm/m/it/12 f\OT1/cmr/m/n/12 (\OM
L/cmm/m/it/12 x[]\OT1/cmr/m/n/12 )\OMS/cmsy/m/n/12 k[] \OML/cmm/m/it/12 <
 []


Package fontspec Info: DejaVu Serif scale = 0.8303670077634845.


Package fontspec Info: DejaVu Serif scale = 0.8303670077634845.


Package fontspec Info: DejaVu Serif scale = 0.8303670077634845.

File: figures/slice_x3_0.png Graphic file (type bmp)
<figures/slice_x3_0.png>

Package fontspec Info: DejaVu Serif scale = 0.8303670077634845.


Package fontspec Info: DejaVu Serif scale = 0.8303670077634845.

File: figures/slice_x2_0.png Graphic file (type bmp)
<figures/slice_x2_0.png>

Package fontspec Info: DejaVu Serif scale = 0.8303670077634845.


LaTeX Warning: `!h' float specifier changed to `!ht'.


Package fontspec Info: DejaVu Serif scale = 0.8303670077634845.

File: figures/slice_x1_0.png Graphic file (type bmp)
<figures/slice_x1_0.png>

Package fontspec Info: DejaVu Serif scale = 0.8303670077634845.


LaTeX Warning: `!h' float specifier changed to `!ht'.


Package fontspec Info: DejaVu Serif scale = 0.8303670077634845.


Package fontspec Info: DejaVu Serif scale = 0.8303670077634845.

[6]

Package fontspec Info: DejaVu Serif scale = 0.8303670077634845.


Package fontspec Info: DejaVu Serif scale = 0.8303670077634845.


Package fontspec Info: DejaVu Serif scale = 0.8303670077634845.


Package fontspec Info: DejaVu Serif scale = 0.8303670077634845.


Package fontspec Info: DejaVu Serif scale = 0.8303670077634845.


Package fontspec Info: DejaVu Serif scale = 0.8303670077634845.

 [7]

Package fontspec Info: DejaVu Serif scale = 0.8303670077634845.


Package fontspec Info: DejaVu Serif scale = 0.8303670077634845.


Package fontspec Info: DejaVu Serif scale = 0.8303670077634845.


Package fontspec Info: DejaVu Serif scale = 0.8303670077634845.

File: figures/iters_bars.png Graphic file (type bmp)
<figures/iters_bars.png>

Package fontspec Info: DejaVu Serif scale = 0.8303670077634845.


Package fontspec Info: DejaVu Serif scale = 0.8303670077634845.


Package fontspec Info: DejaVu Serif scale = 0.8303670077634845.

File: figures/convergence_all.png Graphic file (type bmp)
<figures/convergence_all.png>

Package fontspec Info: DejaVu Serif scale = 0.8303670077634845.


Package fontspec Info: DejaVu Serif scale = 0.8303670077634845.


Package fontspec Info: DejaVu Serif scale = 0.8303670077634845.


Package fontspec Info: DejaVu Serif scale = 0.8303670077634845.

File: figures/metrics_A_simple.png Graphic file (type bmp)
<figures/metrics_A_simple.png>

Package fontspec Info: DejaVu Serif scale = 0.8303670077634845.



LaTeX Warning: `!h' float specifier changed to `!ht'.


Package fontspec Info: DejaVu Serif scale = 0.8303670077634845.

File: figures/metrics_A_goldstein.png Graphic file (type bmp)
<figures/metrics_A_goldstein.png>

Package fontspec Info: DejaVu Serif scale = 0.8303670077634845.


LaTeX Warning: `!h' float specifier changed to `!ht'.


Package fontspec Info: DejaVu Serif scale = 0.8303670077634845.

File: figures/iso_A_simple.png Graphic file (type bmp)
<figures/iso_A_simple.png>

Package fontspec Info: DejaVu Serif scale = 0.8303670077634845.


LaTeX Warning: `!h' float specifier changed to `!ht'.


Package fontspec Info: DejaVu Serif scale = 0.8303670077634845.

File: figures/iso_A_goldstein.png Graphic file (type bmp)
<figures/iso_A_goldstein.png>

Package fontspec Info: DejaVu Serif scale = 0.8303670077634845.


LaTeX Warning: `!h' float specifier changed to `!ht'.


Package fontspec Info: DejaVu Serif scale = 0.8303670077634845.


Package fontspec Info: DejaVu Serif scale = 0.8303670077634845.

[8]

Package fontspec Info: DejaVu Serif scale = 0.8303670077634845.


Package fontspec Info: DejaVu Serif scale = 0.8303670077634845.

 [9]

Package fontspec Info: DejaVu Serif scale = 0.8303670077634845.


Package fontspec Info: DejaVu Serif scale = 0.8303670077634845.

 [10]

Package fontspec Info: DejaVu Serif scale = 0.8303670077634845.


Package fontspec Info: DejaVu Serif scale = 0.8303670077634845.

File: figures/metrics_B_simple.png Graphic file (type bmp)
<figures/metrics_B_simple.png>

Package fontspec Info: DejaVu Serif scale = 0.8303670077634845.


Package fontspec Info: DejaVu Serif scale = 0.8303670077634845.

File: figures/metrics_B_goldstein.png Graphic file (type bmp)
<figures/metrics_B_goldstein.png>

Package fontspec Info: DejaVu Serif scale = 0.8303670077634845.



LaTeX Warning: `!h' float specifier changed to `!ht'.


Package fontspec Info: DejaVu Serif scale = 0.8303670077634845.

File: figures/iso_B_simple.png Graphic file (type bmp)
<figures/iso_B_simple.png>

Package fontspec Info: DejaVu Serif scale = 0.8303670077634845.


LaTeX Warning: `!h' float specifier changed to `!ht'.


Package fontspec Info: DejaVu Serif scale = 0.8303670077634845.

File: figures/iso_B_goldstein.png Graphic file (type bmp)
<figures/iso_B_goldstein.png>

Package fontspec Info: DejaVu Serif scale = 0.8303670077634845.


LaTeX Warning: `!h' float specifier changed to `!ht'.


Package fontspec Info: DejaVu Serif scale = 0.8303670077634845.


Package fontspec Info: DejaVu Serif scale = 0.8303670077634845.

[11

]

LaTeX Warning: Text page 12 contains only floats.


Package fontspec Info: DejaVu Serif scale = 0.8303670077634845.


Package fontspec Info: DejaVu Serif scale = 0.8303670077634845.

[12]

Package fontspec Info: DejaVu Serif scale = 0.8303670077634845.


Package fontspec Info: DejaVu Serif scale = 0.8303670077634845.

 [13]

Package fontspec Info: DejaVu Serif scale = 0.8303670077634845.


Package fontspec Info: DejaVu Serif scale = 0.8303670077634845.

File: figures/metrics_C_simple.png Graphic file (type bmp)
<figures/metrics_C_simple.png>

Package fontspec Info: DejaVu Serif scale = 0.8303670077634845.


Package fontspec Info: DejaVu Serif scale = 0.8303670077634845.

File: figures/metrics_C_goldstein.png Graphic file (type bmp)
<figures/metrics_C_goldstein.png>

Package fontspec Info: DejaVu Serif scale = 0.8303670077634845.



LaTeX Warning: `!h' float specifier changed to `!ht'.


Package fontspec Info: DejaVu Serif scale = 0.8303670077634845.

File: figures/iso_C_simple.png Graphic file (type bmp)
<figures/iso_C_simple.png>

Package fontspec Info: DejaVu Serif scale = 0.8303670077634845.


LaTeX Warning: `!h' float specifier changed to `!ht'.


Package fontspec Info: DejaVu Serif scale = 0.8303670077634845.

File: figures/iso_C_goldstein.png Graphic file (type bmp)
<figures/iso_C_goldstein.png>

Package fontspec Info: DejaVu Serif scale = 0.8303670077634845.


LaTeX Warning: `!h' float specifier changed to `!ht'.


Package fontspec Info: DejaVu Serif scale = 0.8303670077634845.


Package fontspec Info: DejaVu Serif scale = 0.8303670077634845.

[14

]

LaTeX Warning: Text page 15 contains only floats.


Package fontspec Info: DejaVu Serif scale = 0.8303670077634845.


Package fontspec Info: DejaVu Serif scale = 0.8303670077634845.

[15]

Package fontspec Info: DejaVu Serif scale = 0.8303670077634845.


Package fontspec Info: DejaVu Serif scale = 0.8303670077634845.


Package fontspec Info: DejaVu Serif scale = 0.8303670077634845.


Package fontspec Info: DejaVu Serif scale = 0.8303670077634845.


Package fontspec Info: DejaVu Serif scale = 0.8303670077634845.


Package fontspec Info: DejaVu Serif scale = 0.8303670077634845.


Package fontspec Info: DejaVu Serif scale = 0.8303670077634845.


Package fontspec Info: DejaVu Serif scale = 0.8303670077634845.


Package fontspec Info: DejaVu Serif scale = 0.8303670077634845.

The property list \polyglossia@langsetup contains the pairs (without outer
braces):
>  {latex/script}  =>  {latin}
>  {latex/lcscript}  =>  {latin}
>  {latex/scripttag}  =>  {}
>  {latex/language}  =>  {Latex}
>  {latex/langtag}  =>  {ENG}
>  {latex/bcp47}  =>  {}
>  {latex/hyphennames}  =>  {english}
>  {latex/direction}  =>  {LR}
>  {latex/hyphenmins}  =>  {2,3}
>  {latex/frenchspacing}  =>  {false}
>  {latex/indentfirst}  =>  {false}
>  {latex/fontsetup}  =>  {true}
>  {latex/envname}  =>  {latex}
>  {latex/babelname}  =>  {latex}
>  {latex/localnumeral}  =>  {polyglossia@C@localnumeral}
>  {latex/Localnumeral}  =>  {polyglossia@C@localnumeral}
>  {ukrainian/script}  =>  {Cyrillic}
>  {ukrainian/lcscript}  =>  {cyrillic}
>  {ukrainian/scripttag}  =>  {cyrl}
>  {ukrainian/language}  =>  {Ukrainian}
>  {ukrainian/langtag}  =>  {UKR}
>  {ukrainian/bcp47}  =>  {uk}
>  {ukrainian/hyphennames}  =>  {ukrainian}
>  {ukrainian/direction}  =>  {LR}
>  {ukrainian/hyphenmins}  =>  {2,2}
>  {ukrainian/frenchspacing}  =>  {true}
>  {ukrainian/indentfirst}  =>  {false}
>  {ukrainian/fontsetup}  =>  {true}
>  {ukrainian/envname}  =>  {ukrainian}
>  {ukrainian/babelname}  =>  {ukrainian}
>  {ukrainian/localnumeral}  =>  {ukrainiannumerals}
>  {ukrainian/Localnumeral}  =>  {Ukrainiannumerals}.

Package fontspec Info: DejaVu Serif scale = 0.8303670077634845.


Package fontspec Info: DejaVu Serif scale = 0.8303670077634845.

 [16] (./main.aux
LaTeX Info: Redefining \rmfamily on input line 21.
LaTeX Info: Redefining \sffamily on input line 21.
LaTeX Info: Redefining \ttfamily on input line 21.

Package fontspec Info: DejaVu Serif scale = 0.8303670077634845.

)
Package rerunfilecheck Info: File `main.out' has not changed.
(rerunfilecheck)             Checksum: 190162EE43AADC05593C3A3D1163574E;3219.
Package logreq Info: Writing requests to 'main.run.xml'.
\openout1 = `main.run.xml'.

 ) 
Here is how much of TeX's memory you used:
 25026 strings out of 477444
 503323 string characters out of 5846098
 1309333 words of memory out of 5000000
 45248 multiletter control sequences out of 15000+600000
 476361 words of font info for 131 fonts, out of 8000000 for 9000
 682 hyphenation exceptions out of 8191
 73i,13n,126p,737b,5129s stack positions out of 5000i,500n,10000p,200000b,80000s

Output written on main.xdv (17 pages, 129648 bytes).
